<?xml version="1.0" encoding="utf-8" ?>
<!-- DO NOT EDIT THIS FILE -->

<log version='2.0' source='mc'>
	<!-- Successfully loaded CCRT at address 0x7b560000 - 0x7b863000 -->
	<!-- Successfully loaded MC at address 0x7a950000 - 0x7b50b000 -->
	<!-- Analysis started for c:\users\admin\source\repos\machine_learning_c\debug\machine_learning_c.exe, pid = 12672 -->
	<msg id='1' source='mc'>
		<type>EXEC_OF_INTEREST</type>
		<severity>INFO</severity>
		<timestamp>Mon Dec 30 21:31:10 2019</timestamp>
		<arg name='path'>c:\users\admin\source\repos\machine_learning_c\debug\machine_learning_c.exe</arg>
		<arg name='pid'>12672</arg>
	</msg>
	<!-- Command line: C:\Program Files (x86)\IntelSWTools\Inspector 2019\bin32\pin -xyzzy -mesgoff console -xyzzy -bridge_save_x87 0 -bridge_save_mxcsr 0 -follow_execv -error_file C:\Users\Admin\source\repos\machine_learning_c\machine_learning_c\My Inspector Results - machine_learning_c\r003mi1\data.0\pin_error.log -logfile C:\Users\Admin\source\repos\machine_learning_c\machine_learning_c\My Inspector Results - machine_learning_c\r003mi1\data.0\pin.log -xyzzy -region_max_inss 500 -p64 C:\Program Files (x86)\IntelSWTools\Inspector 2019\bin64\pin -t64 C:\Program Files (x86)\IntelSWTools\Inspector 2019\bin64\memchkr.dll -t C:\Program Files (x86)\IntelSWTools\Inspector 2019\bin32\memchkr.dll -no-analyze-stack -no-access-checks -leak-check-on-exit -leak-check-report-reachable -check-resource-leaks -freelist-vol 0 -leak-maximum 100000 -guard-zone-size 0 -stack-depth 8 -heartbeat 1 -mrte-mode auto -working-dir C:\Users\Admin\source\repos\machine_learning_c\machine_learning_c\My Inspector Results - machine_learning_c\r003mi1\data.0 -log mc_machine_learning_c.log -result machine_learning_c - C:\Users\Admin\source\repos\machine_learning_c\Debug\machine_learning_c.exe  -->
	<!-- mc's options are the following:  -->
	<!-- -help                              false -->
	<!-- -verbose                           false -->
	<!-- -xyzzy                             false -->
	<!-- -version                           false -->
	<!-- -help-all                          false -->
	<!-- -xyzzy-all                         false -->
	<!-- -report-all-instances              false -->
	<!-- -check-for-padded-structures       true -->
	<!-- -check-for-bitfields               true -->
	<!-- -analyze-stack                     false -->
	<!-- -access-checks                     false -->
	<!-- -track-origins                     true -->
	<!-- -duplicate-uninits                 false -->
	<!-- -bss-initialized                   true -->
	<!-- -align-alloc-size                  false -->
	<!-- -report-uninit-read                false -->
	<!-- -ignore-system-libraries           false -->
	<!-- -gen-suppressions                  false -->
	<!-- -leak-check-on-exit                true -->
	<!-- -leak-check-on-demand              false -->
	<!-- -leak-check-uses-baseline          true -->
	<!-- -enable-memory-growth              false -->
	<!-- -leak-check-report-reachable       true -->
	<!-- -leak-check-full                   true -->
	<!-- -check-resource-leaks              true -->
	<!-- -trace-children                    false -->
	<!-- -enable-poke                       false -->
	<!-- -jit-mode-anyway                   false -->
	<!-- -disable-probe-mode-mismatches-64  true -->
	<!-- -aggressive-callstack-caching      false -->
	<!-- -suppress-breakpoints              false -->
	<!-- -monitor-memory                    false -->
	<!-- -freelist-vol                      0 -->
	<!-- -leak-maximum                      100000 -->
	<!-- -guard-zone-size                   0 -->
	<!-- -stack-depth                       8 -->
	<!-- -heartbeat                         1 -->
	<!-- -breakpoint-file                   (null) -->
	<!-- -config-file                       (null) -->
	<!-- -log                               mc_machine_learning_c.log -->
	<!-- -ignore-commands                   (null),  -->
	<!-- -ignore-modules                    (null),  -->
	<!-- -ignore-symbols                    (null),  -->
	<!-- -module-of-interest                (null),  -->
	<!-- -executable-of-interest            (null),  -->
	<!-- -working-dir                       C:\Users\Admin\source\repos\machine_learning_c\machine_learning_c\My Inspector Results - machine_learning_c\r003mi1\data.0 -->
	<!-- -result                            machine_learning_c -->
	<!-- -exclude-module                    (null),  -->
	<!-- -include-module                    (null),  -->
	<!-- -only-exec-commands                (null),  -->
	<!-- -suppressions                      (null),  -->
	<!-- -debug                             none -->
	<!-- -shared-mem-name                   (null) -->
	<!-- -poke-function                     (null),  -->
	<!-- -analysis-mode                     (null) -->
	<!-- -disable-gatekeeping               false -->
	<!-- -ignore-os-allocators              false -->
	<!-- -mrte-mode                         auto -->
	<!-- probe mode: yes -->
	<!-- mem leaks checks: yes -->
	<!-- res leaks checks: yes -->
	<!-- access checks: no -->
	<!-- track origin: no -->
	<!-- Environment: INTEL_LIBITTNOTIFY32=C:\Program Files (x86)\IntelSWTools\Inspector 2019\bin32\runtime\libittnotify.dll -->
	<!-- Environment: INTEL_LIBITTNOTIFY64=C:\Program Files (x86)\IntelSWTools\Inspector 2019\bin64\runtime\libittnotify.dll -->
	<!-- Environment: INTEL_JIT_PROFILER32=C:\Program Files (x86)\IntelSWTools\Inspector 2019\bin32\runtime\libittnotify.dll -->
	<!-- Environment: INTEL_JIT_PROFILER64=C:\Program Files (x86)\IntelSWTools\Inspector 2019\bin64\runtime\libittnotify.dll -->
	<!-- DIAG: 1 -->
	<!-- Module loaded c:\users\admin\source\repos\machine_learning_c\debug\machine_learning_c.exe, address range [0x00190000-0x001a1fff] -->
	<msg id='2' source='mc'>
		<type>MODULE_LOAD</type>
		<severity>INFO</severity>
		<timestamp>Mon Dec 30 21:31:10 2019</timestamp>
		<arg name='path'>c:\users\admin\source\repos\machine_learning_c\debug\machine_learning_c.exe</arg>
		<arg name='addr1'>0x190000</arg>
		<arg name='addr2'>0x1a1fff</arg>
	</msg>
	<!-- Module loaded c:\program files\avg\antivirus\aswhookx.dll, address range [0x67c40000-0x67c50fff] -->
	<msg id='3' source='mc'>
		<type>MODULE_LOAD</type>
		<severity>INFO</severity>
		<timestamp>Mon Dec 30 21:31:10 2019</timestamp>
		<arg name='path'>c:\program files\avg\antivirus\aswhookx.dll</arg>
		<arg name='addr1'>0x67c40000</arg>
		<arg name='addr2'>0x67c50fff</arg>
	</msg>
	<!-- entry point not safe for probe insertion in kernel32.dll -->
	<!-- Module loaded c:\windows\syswow64\kernel32.dll, address range [0x75c80000-0x75d5ffff], minimal analysis -->
	<msg id='4' source='mc'>
		<type>MODULE_LOAD_NO_ANALYSIS</type>
		<severity>INFO</severity>
		<timestamp>Mon Dec 30 21:31:10 2019</timestamp>
		<arg name='path'>c:\windows\syswow64\kernel32.dll</arg>
		<arg name='addr1'>0x75c80000</arg>
		<arg name='addr2'>0x75d5ffff</arg>
	</msg>
	<!-- Module loaded c:\windows\syswow64\kernelbase.dll, address range [0x762d0000-0x764cbfff], minimal analysis -->
	<msg id='5' source='mc'>
		<type>MODULE_LOAD_NO_ANALYSIS</type>
		<severity>INFO</severity>
		<timestamp>Mon Dec 30 21:31:10 2019</timestamp>
		<arg name='path'>c:\windows\syswow64\kernelbase.dll</arg>
		<arg name='addr1'>0x762d0000</arg>
		<arg name='addr2'>0x764cbfff</arg>
	</msg>
	<!-- Module loaded c:\windows\syswow64\ntdll.dll, address range [0x77370000-0x77509fff], minimal analysis -->
	<msg id='6' source='mc'>
		<type>MODULE_LOAD_NO_ANALYSIS</type>
		<severity>INFO</severity>
		<timestamp>Mon Dec 30 21:31:11 2019</timestamp>
		<arg name='path'>c:\windows\syswow64\ntdll.dll</arg>
		<arg name='addr1'>0x77370000</arg>
		<arg name='addr2'>0x77509fff</arg>
	</msg>
	<!-- Module loaded c:\program files (x86)\intelswtools\inspector 2019\bin32\dnclrprofinfo.dll, address range [0x7bec0000-0x7bee4fff] -->
	<msg id='7' source='mc'>
		<type>MODULE_LOAD</type>
		<severity>INFO</severity>
		<timestamp>Mon Dec 30 21:31:11 2019</timestamp>
		<arg name='path'>c:\program files (x86)\intelswtools\inspector 2019\bin32\dnclrprofinfo.dll</arg>
		<arg name='addr1'>0x7bec0000</arg>
		<arg name='addr2'>0x7bee4fff</arg>
	</msg>
	<!-- Module loaded c:\users\admin\source\repos\machine_learning_c\machine_learning_c\sdl2.dll, address range [0x7a020000-0x7a143fff] -->
	<msg id='8' source='mc'>
		<type>MODULE_LOAD</type>
		<severity>INFO</severity>
		<timestamp>Mon Dec 30 21:31:11 2019</timestamp>
		<arg name='path'>c:\users\admin\source\repos\machine_learning_c\machine_learning_c\sdl2.dll</arg>
		<arg name='addr1'>0x7a020000</arg>
		<arg name='addr2'>0x7a143fff</arg>
	</msg>
	<!-- Module loaded c:\windows\syswow64\advapi32.dll, address range [0x768a0000-0x76918fff], minimal analysis -->
	<msg id='9' source='mc'>
		<type>MODULE_LOAD_NO_ANALYSIS</type>
		<severity>INFO</severity>
		<timestamp>Mon Dec 30 21:31:11 2019</timestamp>
		<arg name='path'>c:\windows\syswow64\advapi32.dll</arg>
		<arg name='addr1'>0x768a0000</arg>
		<arg name='addr2'>0x76918fff</arg>
	</msg>
	<!-- Module loaded c:\windows\syswow64\msvcrt.dll, address range [0x76590000-0x7664efff], minimal analysis -->
	<msg id='10' source='mc'>
		<type>MODULE_LOAD_NO_ANALYSIS</type>
		<severity>INFO</severity>
		<timestamp>Mon Dec 30 21:31:11 2019</timestamp>
		<arg name='path'>c:\windows\syswow64\msvcrt.dll</arg>
		<arg name='addr1'>0x76590000</arg>
		<arg name='addr2'>0x7664efff</arg>
	</msg>
	<!-- Module loaded c:\windows\syswow64\sechost.dll, address range [0x75de0000-0x75e55fff] -->
	<msg id='11' source='mc'>
		<type>MODULE_LOAD</type>
		<severity>INFO</severity>
		<timestamp>Mon Dec 30 21:31:11 2019</timestamp>
		<arg name='path'>c:\windows\syswow64\sechost.dll</arg>
		<arg name='addr1'>0x75de0000</arg>
		<arg name='addr2'>0x75e55fff</arg>
	</msg>
	<!-- Module loaded c:\windows\syswow64\rpcrt4.dll, address range [0x77220000-0x772dafff], minimal analysis -->
	<msg id='12' source='mc'>
		<type>MODULE_LOAD_NO_ANALYSIS</type>
		<severity>INFO</severity>
		<timestamp>Mon Dec 30 21:31:11 2019</timestamp>
		<arg name='path'>c:\windows\syswow64\rpcrt4.dll</arg>
		<arg name='addr1'>0x77220000</arg>
		<arg name='addr2'>0x772dafff</arg>
	</msg>
	<!-- Module loaded c:\windows\syswow64\sspicli.dll, address range [0x74b40000-0x74b5ffff], minimal analysis -->
	<msg id='13' source='mc'>
		<type>MODULE_LOAD_NO_ANALYSIS</type>
		<severity>INFO</severity>
		<timestamp>Mon Dec 30 21:31:11 2019</timestamp>
		<arg name='path'>c:\windows\syswow64\sspicli.dll</arg>
		<arg name='addr1'>0x74b40000</arg>
		<arg name='addr2'>0x74b5ffff</arg>
	</msg>
	<!-- Module loaded c:\windows\syswow64\cryptbase.dll, address range [0x74b30000-0x74b39fff], minimal analysis -->
	<msg id='14' source='mc'>
		<type>MODULE_LOAD_NO_ANALYSIS</type>
		<severity>INFO</severity>
		<timestamp>Mon Dec 30 21:31:11 2019</timestamp>
		<arg name='path'>c:\windows\syswow64\cryptbase.dll</arg>
		<arg name='addr1'>0x74b30000</arg>
		<arg name='addr2'>0x74b39fff</arg>
	</msg>
	<!-- Module loaded c:\windows\syswow64\bcryptprimitives.dll, address range [0x767c0000-0x7681efff], minimal analysis -->
	<msg id='15' source='mc'>
		<type>MODULE_LOAD_NO_ANALYSIS</type>
		<severity>INFO</severity>
		<timestamp>Mon Dec 30 21:31:11 2019</timestamp>
		<arg name='path'>c:\windows\syswow64\bcryptprimitives.dll</arg>
		<arg name='addr1'>0x767c0000</arg>
		<arg name='addr2'>0x7681efff</arg>
	</msg>
	<!-- Module loaded c:\windows\syswow64\gdi32.dll, address range [0x77330000-0x77350fff], minimal analysis -->
	<msg id='16' source='mc'>
		<type>MODULE_LOAD_NO_ANALYSIS</type>
		<severity>INFO</severity>
		<timestamp>Mon Dec 30 21:31:11 2019</timestamp>
		<arg name='path'>c:\windows\syswow64\gdi32.dll</arg>
		<arg name='addr1'>0x77330000</arg>
		<arg name='addr2'>0x77350fff</arg>
	</msg>
	<!-- Module loaded c:\windows\syswow64\win32u.dll, address range [0x77310000-0x77326fff] -->
	<msg id='17' source='mc'>
		<type>MODULE_LOAD</type>
		<severity>INFO</severity>
		<timestamp>Mon Dec 30 21:31:11 2019</timestamp>
		<arg name='path'>c:\windows\syswow64\win32u.dll</arg>
		<arg name='addr1'>0x77310000</arg>
		<arg name='addr2'>0x77326fff</arg>
	</msg>
	<!-- Module loaded c:\windows\syswow64\gdi32full.dll, address range [0x760e0000-0x76239fff], minimal analysis -->
	<msg id='18' source='mc'>
		<type>MODULE_LOAD_NO_ANALYSIS</type>
		<severity>INFO</severity>
		<timestamp>Mon Dec 30 21:31:11 2019</timestamp>
		<arg name='path'>c:\windows\syswow64\gdi32full.dll</arg>
		<arg name='addr1'>0x760e0000</arg>
		<arg name='addr2'>0x76239fff</arg>
	</msg>
	<!-- Module loaded c:\windows\syswow64\msvcp_win.dll, address range [0x74c80000-0x74cfbfff] -->
	<msg id='19' source='mc'>
		<type>MODULE_LOAD</type>
		<severity>INFO</severity>
		<timestamp>Mon Dec 30 21:31:11 2019</timestamp>
		<arg name='path'>c:\windows\syswow64\msvcp_win.dll</arg>
		<arg name='addr1'>0x74c80000</arg>
		<arg name='addr2'>0x74cfbfff</arg>
	</msg>
	<!-- Module loaded c:\windows\syswow64\ucrtbase.dll, address range [0x74b60000-0x74c7efff] -->
	<msg id='20' source='mc'>
		<type>MODULE_LOAD</type>
		<severity>INFO</severity>
		<timestamp>Mon Dec 30 21:31:11 2019</timestamp>
		<arg name='path'>c:\windows\syswow64\ucrtbase.dll</arg>
		<arg name='addr1'>0x74b60000</arg>
		<arg name='addr2'>0x74c7efff</arg>
	</msg>
	<!-- Module loaded c:\windows\syswow64\user32.dll, address range [0x75670000-0x75806fff], minimal analysis -->
	<msg id='21' source='mc'>
		<type>MODULE_LOAD_NO_ANALYSIS</type>
		<severity>INFO</severity>
		<timestamp>Mon Dec 30 21:31:11 2019</timestamp>
		<arg name='path'>c:\windows\syswow64\user32.dll</arg>
		<arg name='addr1'>0x75670000</arg>
		<arg name='addr2'>0x75806fff</arg>
	</msg>
	<!-- Module loaded c:\windows\syswow64\imm32.dll, address range [0x76870000-0x76894fff], minimal analysis -->
	<msg id='22' source='mc'>
		<type>MODULE_LOAD_NO_ANALYSIS</type>
		<severity>INFO</severity>
		<timestamp>Mon Dec 30 21:31:11 2019</timestamp>
		<arg name='path'>c:\windows\syswow64\imm32.dll</arg>
		<arg name='addr1'>0x76870000</arg>
		<arg name='addr2'>0x76894fff</arg>
	</msg>
	<!-- Module loaded c:\windows\syswow64\ole32.dll, address range [0x74f80000-0x75076fff], minimal analysis -->
	<msg id='23' source='mc'>
		<type>MODULE_LOAD_NO_ANALYSIS</type>
		<severity>INFO</severity>
		<timestamp>Mon Dec 30 21:31:11 2019</timestamp>
		<arg name='path'>c:\windows\syswow64\ole32.dll</arg>
		<arg name='addr1'>0x74f80000</arg>
		<arg name='addr2'>0x75076fff</arg>
	</msg>
	<!-- Module loaded c:\windows\syswow64\combase.dll, address range [0x74d00000-0x74f75fff], minimal analysis -->
	<msg id='24' source='mc'>
		<type>MODULE_LOAD_NO_ANALYSIS</type>
		<severity>INFO</severity>
		<timestamp>Mon Dec 30 21:31:12 2019</timestamp>
		<arg name='path'>c:\windows\syswow64\combase.dll</arg>
		<arg name='addr1'>0x74d00000</arg>
		<arg name='addr2'>0x74f75fff</arg>
	</msg>
	<!-- Module loaded c:\windows\syswow64\oleaut32.dll, address range [0x764e0000-0x76571fff], minimal analysis -->
	<msg id='25' source='mc'>
		<type>MODULE_LOAD_NO_ANALYSIS</type>
		<severity>INFO</severity>
		<timestamp>Mon Dec 30 21:31:12 2019</timestamp>
		<arg name='path'>c:\windows\syswow64\oleaut32.dll</arg>
		<arg name='addr1'>0x764e0000</arg>
		<arg name='addr2'>0x76571fff</arg>
	</msg>
	<!-- Module loaded c:\windows\syswow64\setupapi.dll, address range [0x75810000-0x75c58fff] -->
	<msg id='26' source='mc'>
		<type>MODULE_LOAD</type>
		<severity>INFO</severity>
		<timestamp>Mon Dec 30 21:31:12 2019</timestamp>
		<arg name='path'>c:\windows\syswow64\setupapi.dll</arg>
		<arg name='addr1'>0x75810000</arg>
		<arg name='addr2'>0x75c58fff</arg>
	</msg>
	<!-- Module loaded c:\windows\syswow64\cfgmgr32.dll, address range [0x75f90000-0x75fcafff] -->
	<msg id='27' source='mc'>
		<type>MODULE_LOAD</type>
		<severity>INFO</severity>
		<timestamp>Mon Dec 30 21:31:12 2019</timestamp>
		<arg name='path'>c:\windows\syswow64\cfgmgr32.dll</arg>
		<arg name='addr1'>0x75f90000</arg>
		<arg name='addr2'>0x75fcafff</arg>
	</msg>
	<!-- Module loaded c:\windows\syswow64\bcrypt.dll, address range [0x75c60000-0x75c78fff] -->
	<msg id='28' source='mc'>
		<type>MODULE_LOAD</type>
		<severity>INFO</severity>
		<timestamp>Mon Dec 30 21:31:12 2019</timestamp>
		<arg name='path'>c:\windows\syswow64\bcrypt.dll</arg>
		<arg name='addr1'>0x75c60000</arg>
		<arg name='addr2'>0x75c78fff</arg>
	</msg>
	<!-- Module loaded c:\windows\syswow64\shell32.dll, address range [0x750e0000-0x75659fff], minimal analysis -->
	<msg id='29' source='mc'>
		<type>MODULE_LOAD_NO_ANALYSIS</type>
		<severity>INFO</severity>
		<timestamp>Mon Dec 30 21:31:12 2019</timestamp>
		<arg name='path'>c:\windows\syswow64\shell32.dll</arg>
		<arg name='addr1'>0x750e0000</arg>
		<arg name='addr2'>0x75659fff</arg>
	</msg>
	<!-- Module loaded c:\windows\syswow64\shcore.dll, address range [0x76240000-0x762c3fff], minimal analysis -->
	<msg id='30' source='mc'>
		<type>MODULE_LOAD_NO_ANALYSIS</type>
		<severity>INFO</severity>
		<timestamp>Mon Dec 30 21:31:12 2019</timestamp>
		<arg name='path'>c:\windows\syswow64\shcore.dll</arg>
		<arg name='addr1'>0x76240000</arg>
		<arg name='addr2'>0x762c3fff</arg>
	</msg>
	<!-- Module loaded c:\windows\syswow64\windows.storage.dll, address range [0x769f0000-0x76fb4fff] -->
	<msg id='31' source='mc'>
		<type>MODULE_LOAD</type>
		<severity>INFO</severity>
		<timestamp>Mon Dec 30 21:31:12 2019</timestamp>
		<arg name='path'>c:\windows\syswow64\windows.storage.dll</arg>
		<arg name='addr1'>0x769f0000</arg>
		<arg name='addr2'>0x76fb4fff</arg>
	</msg>
	<!-- Module loaded c:\windows\syswow64\profapi.dll, address range [0x75e60000-0x75e76fff] -->
	<msg id='32' source='mc'>
		<type>MODULE_LOAD</type>
		<severity>INFO</severity>
		<timestamp>Mon Dec 30 21:31:12 2019</timestamp>
		<arg name='path'>c:\windows\syswow64\profapi.dll</arg>
		<arg name='addr1'>0x75e60000</arg>
		<arg name='addr2'>0x75e76fff</arg>
	</msg>
	<!-- Module loaded c:\windows\syswow64\powrprof.dll, address range [0x770c0000-0x77102fff] -->
	<msg id='33' source='mc'>
		<type>MODULE_LOAD</type>
		<severity>INFO</severity>
		<timestamp>Mon Dec 30 21:31:12 2019</timestamp>
		<arg name='path'>c:\windows\syswow64\powrprof.dll</arg>
		<arg name='addr1'>0x770c0000</arg>
		<arg name='addr2'>0x77102fff</arg>
	</msg>
	<!-- Module loaded c:\windows\syswow64\umpdc.dll, address range [0x76580000-0x7658cfff] -->
	<msg id='34' source='mc'>
		<type>MODULE_LOAD</type>
		<severity>INFO</severity>
		<timestamp>Mon Dec 30 21:31:12 2019</timestamp>
		<arg name='path'>c:\windows\syswow64\umpdc.dll</arg>
		<arg name='addr1'>0x76580000</arg>
		<arg name='addr2'>0x7658cfff</arg>
	</msg>
	<!-- Module loaded c:\windows\syswow64\shlwapi.dll, address range [0x76fc0000-0x77003fff] -->
	<msg id='35' source='mc'>
		<type>MODULE_LOAD</type>
		<severity>INFO</severity>
		<timestamp>Mon Dec 30 21:31:12 2019</timestamp>
		<arg name='path'>c:\windows\syswow64\shlwapi.dll</arg>
		<arg name='addr1'>0x76fc0000</arg>
		<arg name='addr2'>0x77003fff</arg>
	</msg>
	<!-- Module loaded c:\windows\syswow64\kernel.appcore.dll, address range [0x77300000-0x7730efff] -->
	<msg id='36' source='mc'>
		<type>MODULE_LOAD</type>
		<severity>INFO</severity>
		<timestamp>Mon Dec 30 21:31:12 2019</timestamp>
		<arg name='path'>c:\windows\syswow64\kernel.appcore.dll</arg>
		<arg name='addr1'>0x77300000</arg>
		<arg name='addr2'>0x7730efff</arg>
	</msg>
	<!-- Module loaded c:\windows\syswow64\cryptsp.dll, address range [0x772e0000-0x772f2fff] -->
	<msg id='37' source='mc'>
		<type>MODULE_LOAD</type>
		<severity>INFO</severity>
		<timestamp>Mon Dec 30 21:31:12 2019</timestamp>
		<arg name='path'>c:\windows\syswow64\cryptsp.dll</arg>
		<arg name='addr1'>0x772e0000</arg>
		<arg name='addr2'>0x772f2fff</arg>
	</msg>
	<!-- Module loaded c:\windows\syswow64\vcruntime140d.dll, address range [0x7a150000-0x7a169fff] -->
	<msg id='38' source='mc'>
		<type>MODULE_LOAD</type>
		<severity>INFO</severity>
		<timestamp>Mon Dec 30 21:31:12 2019</timestamp>
		<arg name='path'>c:\windows\syswow64\vcruntime140d.dll</arg>
		<arg name='addr1'>0x7a150000</arg>
		<arg name='addr2'>0x7a169fff</arg>
	</msg>
	<!-- Module loaded c:\windows\syswow64\ucrtbased.dll, address range [0x013e0000-0x01550fff] -->
	<msg id='39' source='mc'>
		<type>MODULE_LOAD</type>
		<severity>INFO</severity>
		<timestamp>Mon Dec 30 21:31:13 2019</timestamp>
		<arg name='path'>c:\windows\syswow64\ucrtbased.dll</arg>
		<arg name='addr1'>0x13e0000</arg>
		<arg name='addr2'>0x1550fff</arg>
	</msg>
	<!-- Module loaded c:\windows\syswow64\version.dll, address range [0x74380000-0x74387fff] -->
	<msg id='40' source='mc'>
		<type>MODULE_LOAD</type>
		<severity>INFO</severity>
		<timestamp>Mon Dec 30 21:31:13 2019</timestamp>
		<arg name='path'>c:\windows\syswow64\version.dll</arg>
		<arg name='addr1'>0x74380000</arg>
		<arg name='addr2'>0x74387fff</arg>
	</msg>
	<!-- Module loaded c:\windows\syswow64\winmm.dll, address range [0x71870000-0x71893fff] -->
	<msg id='41' source='mc'>
		<type>MODULE_LOAD</type>
		<severity>INFO</severity>
		<timestamp>Mon Dec 30 21:31:13 2019</timestamp>
		<arg name='path'>c:\windows\syswow64\winmm.dll</arg>
		<arg name='addr1'>0x71870000</arg>
		<arg name='addr2'>0x71893fff</arg>
	</msg>
	<!-- Module loaded c:\windows\syswow64\winmmbase.dll, address range [0x70c80000-0x70ca2fff] -->
	<msg id='42' source='mc'>
		<type>MODULE_LOAD</type>
		<severity>INFO</severity>
		<timestamp>Mon Dec 30 21:31:13 2019</timestamp>
		<arg name='path'>c:\windows\syswow64\winmmbase.dll</arg>
		<arg name='addr1'>0x70c80000</arg>
		<arg name='addr2'>0x70ca2fff</arg>
	</msg>
	<!-- Module loaded c:\windows\syswow64\uxtheme.dll, address range [0x71c90000-0x71d09fff], minimal analysis -->
	<msg id='43' source='mc'>
		<type>MODULE_LOAD_NO_ANALYSIS</type>
		<severity>INFO</severity>
		<timestamp>Mon Dec 30 21:31:13 2019</timestamp>
		<arg name='path'>c:\windows\syswow64\uxtheme.dll</arg>
		<arg name='addr1'>0x71c90000</arg>
		<arg name='addr2'>0x71d09fff</arg>
	</msg>