<?xml version="1.0" encoding="utf-8" ?>
<!-- DO NOT EDIT THIS FILE -->

<log version='2.0' source='mc'>
	<!-- Successfully loaded CCRT at address 0x7b560000 - 0x7b863000 -->
	<!-- Successfully loaded MC at address 0x7a950000 - 0x7b50b000 -->
	<!-- Analysis started for c:\users\admin\source\repos\machine_learning_c\debug\machine_learning_c.exe, pid = 3088 -->
	<msg id='1' source='mc'>
		<type>EXEC_OF_INTEREST</type>
		<severity>INFO</severity>
		<timestamp>Mon Dec 30 21:35:45 2019</timestamp>
		<arg name='path'>c:\users\admin\source\repos\machine_learning_c\debug\machine_learning_c.exe</arg>
		<arg name='pid'>3088</arg>
	</msg>
	<!-- Command line: C:\Program Files (x86)\IntelSWTools\Inspector 2019\bin32\pin -xyzzy -mesgoff console -xyzzy -bridge_save_x87 0 -bridge_save_mxcsr 0 -follow_execv -error_file C:\Users\Admin\source\repos\machine_learning_c\machine_learning_c\My Inspector Results - machine_learning_c\r005mi3\data.0\pin_error.log -logfile C:\Users\Admin\source\repos\machine_learning_c\machine_learning_c\My Inspector Results - machine_learning_c\r005mi3\data.0\pin.log -xyzzy -region_max_inss 500 -p64 C:\Program Files (x86)\IntelSWTools\Inspector 2019\bin64\pin -t64 C:\Program Files (x86)\IntelSWTools\Inspector 2019\bin64\memchkr.dll -t C:\Program Files (x86)\IntelSWTools\Inspector 2019\bin32\memchkr.dll -no-analyze-stack -access-checks -leak-check-on-exit -leak-check-on-demand -enable-memory-growth -leak-check-report-reachable -check-resource-leaks -freelist-vol 1000000 -leak-maximum 100000 -guard-zone-size 32 -stack-depth 16 -heartbeat 1 -mrte-mode auto -working-dir C:\Users\Admin\source\repos\machine_learning_c\machine_learning_c\My Inspector Results - machine_learning_c\r005mi3\data.0 -log mc_machine_learning_c.log -result machine_learning_c - C:\Users\Admin\source\repos\machine_learning_c\Debug\machine_learning_c.exe  -->
	<!-- mc's options are the following:  -->
	<!-- -help                              false -->
	<!-- -verbose                           false -->
	<!-- -xyzzy                             false -->
	<!-- -version                           false -->
	<!-- -help-all                          false -->
	<!-- -xyzzy-all                         false -->
	<!-- -report-all-instances              false -->
	<!-- -check-for-padded-structures       true -->
	<!-- -check-for-bitfields               true -->
	<!-- -analyze-stack                     false -->
	<!-- -access-checks                     true -->
	<!-- -track-origins                     true -->
	<!-- -duplicate-uninits                 false -->
	<!-- -bss-initialized                   true -->
	<!-- -align-alloc-size                  false -->
	<!-- -report-uninit-read                false -->
	<!-- -ignore-system-libraries           false -->
	<!-- -gen-suppressions                  false -->
	<!-- -leak-check-on-exit                true -->
	<!-- -leak-check-on-demand              true -->
	<!-- -leak-check-uses-baseline          true -->
	<!-- -enable-memory-growth              true -->
	<!-- -leak-check-report-reachable       true -->
	<!-- -leak-check-full                   true -->
	<!-- -check-resource-leaks              true -->
	<!-- -trace-children                    false -->
	<!-- -enable-poke                       false -->
	<!-- -jit-mode-anyway                   false -->
	<!-- -disable-probe-mode-mismatches-64  true -->
	<!-- -aggressive-callstack-caching      false -->
	<!-- -suppress-breakpoints              false -->
	<!-- -monitor-memory                    false -->
	<!-- -freelist-vol                      1000000 -->
	<!-- -leak-maximum                      100000 -->
	<!-- -guard-zone-size                   32 -->
	<!-- -stack-depth                       16 -->
	<!-- -heartbeat                         1 -->
	<!-- -breakpoint-file                   (null) -->
	<!-- -config-file                       (null) -->
	<!-- -log                               mc_machine_learning_c.log -->
	<!-- -ignore-commands                   (null),  -->
	<!-- -ignore-modules                    (null),  -->
	<!-- -ignore-symbols                    (null),  -->
	<!-- -module-of-interest                (null),  -->
	<!-- -executable-of-interest            (null),  -->
	<!-- -working-dir                       C:\Users\Admin\source\repos\machine_learning_c\machine_learning_c\My Inspector Results - machine_learning_c\r005mi3\data.0 -->
	<!-- -result                            machine_learning_c -->
	<!-- -exclude-module                    (null),  -->
	<!-- -include-module                    (null),  -->
	<!-- -only-exec-commands                (null),  -->
	<!-- -suppressions                      (null),  -->
	<!-- -debug                             none -->
	<!-- -shared-mem-name                   (null) -->
	<!-- -poke-function                     (null),  -->
	<!-- -analysis-mode                     (null) -->
	<!-- -disable-gatekeeping               false -->
	<!-- -ignore-os-allocators              false -->
	<!-- -mrte-mode                         auto -->
	<!-- probe mode: no -->
	<!-- mem leaks checks: yes -->
	<!-- res leaks checks: yes -->
	<!-- access checks: yes -->
	<!-- track origin: yes -->
	<!-- Environment: INTEL_LIBITTNOTIFY32=C:\Program Files (x86)\IntelSWTools\Inspector 2019\bin32\runtime\libittnotify.dll -->
	<!-- Environment: INTEL_LIBITTNOTIFY64=C:\Program Files (x86)\IntelSWTools\Inspector 2019\bin64\runtime\libittnotify.dll -->
	<!-- Environment: INTEL_JIT_PROFILER32=C:\Program Files (x86)\IntelSWTools\Inspector 2019\bin32\runtime\libittnotify.dll -->
	<!-- Environment: INTEL_JIT_PROFILER64=C:\Program Files (x86)\IntelSWTools\Inspector 2019\bin64\runtime\libittnotify.dll -->
	<!-- Module loaded c:\users\admin\source\repos\machine_learning_c\debug\machine_learning_c.exe, address range [0x007a0000-0x007b1fff] -->
	<msg id='2' source='mc'>
		<type>MODULE_LOAD</type>
		<severity>INFO</severity>
		<timestamp>Mon Dec 30 21:35:45 2019</timestamp>
		<arg name='path'>c:\users\admin\source\repos\machine_learning_c\debug\machine_learning_c.exe</arg>
		<arg name='addr1'>0x7a0000</arg>
		<arg name='addr2'>0x7b1fff</arg>
	</msg>
	<!-- Module loaded c:\program files\avg\antivirus\aswhookx.dll, address range [0x67c40000-0x67c50fff] -->
	<msg id='3' source='mc'>
		<type>MODULE_LOAD</type>
		<severity>INFO</severity>
		<timestamp>Mon Dec 30 21:35:45 2019</timestamp>
		<arg name='path'>c:\program files\avg\antivirus\aswhookx.dll</arg>
		<arg name='addr1'>0x67c40000</arg>
		<arg name='addr2'>0x67c50fff</arg>
	</msg>
	<!-- Module loaded c:\windows\syswow64\kernel32.dll, address range [0x75c80000-0x75d5ffff] -->
	<msg id='4' source='mc'>
		<type>MODULE_LOAD</type>
		<severity>INFO</severity>
		<timestamp>Mon Dec 30 21:35:45 2019</timestamp>
		<arg name='path'>c:\windows\syswow64\kernel32.dll</arg>
		<arg name='addr1'>0x75c80000</arg>
		<arg name='addr2'>0x75d5ffff</arg>
	</msg>
	<!-- Module loaded c:\windows\syswow64\kernelbase.dll, address range [0x762d0000-0x764cbfff] -->
	<msg id='5' source='mc'>
		<type>MODULE_LOAD</type>
		<severity>INFO</severity>
		<timestamp>Mon Dec 30 21:35:45 2019</timestamp>
		<arg name='path'>c:\windows\syswow64\kernelbase.dll</arg>
		<arg name='addr1'>0x762d0000</arg>
		<arg name='addr2'>0x764cbfff</arg>
	</msg>
	<!-- Module loaded c:\windows\syswow64\ntdll.dll, address range [0x77370000-0x77509fff] -->
	<msg id='6' source='mc'>
		<type>MODULE_LOAD</type>
		<severity>INFO</severity>
		<timestamp>Mon Dec 30 21:35:45 2019</timestamp>
		<arg name='path'>c:\windows\syswow64\ntdll.dll</arg>
		<arg name='addr1'>0x77370000</arg>
		<arg name='addr2'>0x77509fff</arg>
	</msg>
	<!-- DIAG: 1 -->
	<!-- Module loaded c:\users\admin\source\repos\machine_learning_c\machine_learning_c\sdl2.dll, address range [0x7a020000-0x7a143fff] -->
	<msg id='7' source='mc'>
		<type>MODULE_LOAD</type>
		<severity>INFO</severity>
		<timestamp>Mon Dec 30 21:35:46 2019</timestamp>
		<arg name='path'>c:\users\admin\source\repos\machine_learning_c\machine_learning_c\sdl2.dll</arg>
		<arg name='addr1'>0x7a020000</arg>
		<arg name='addr2'>0x7a143fff</arg>
	</msg>
	<!-- Module loaded c:\windows\syswow64\advapi32.dll, address range [0x768a0000-0x76918fff] -->
	<msg id='8' source='mc'>
		<type>MODULE_LOAD</type>
		<severity>INFO</severity>
		<timestamp>Mon Dec 30 21:35:46 2019</timestamp>
		<arg name='path'>c:\windows\syswow64\advapi32.dll</arg>
		<arg name='addr1'>0x768a0000</arg>
		<arg name='addr2'>0x76918fff</arg>
	</msg>
	<!-- Module loaded c:\windows\syswow64\msvcrt.dll, address range [0x76590000-0x7664efff] -->
	<msg id='9' source='mc'>
		<type>MODULE_LOAD</type>
		<severity>INFO</severity>
		<timestamp>Mon Dec 30 21:35:46 2019</timestamp>
		<arg name='path'>c:\windows\syswow64\msvcrt.dll</arg>
		<arg name='addr1'>0x76590000</arg>
		<arg name='addr2'>0x7664efff</arg>
	</msg>
	<!-- Module loaded c:\windows\syswow64\sechost.dll, address range [0x75de0000-0x75e55fff] -->
	<msg id='10' source='mc'>
		<type>MODULE_LOAD</type>
		<severity>INFO</severity>
		<timestamp>Mon Dec 30 21:35:46 2019</timestamp>
		<arg name='path'>c:\windows\syswow64\sechost.dll</arg>
		<arg name='addr1'>0x75de0000</arg>
		<arg name='addr2'>0x75e55fff</arg>
	</msg>
	<!-- Module loaded c:\windows\syswow64\rpcrt4.dll, address range [0x77220000-0x772dafff] -->
	<msg id='11' source='mc'>
		<type>MODULE_LOAD</type>
		<severity>INFO</severity>
		<timestamp>Mon Dec 30 21:35:46 2019</timestamp>
		<arg name='path'>c:\windows\syswow64\rpcrt4.dll</arg>
		<arg name='addr1'>0x77220000</arg>
		<arg name='addr2'>0x772dafff</arg>
	</msg>
	<!-- Module loaded c:\windows\syswow64\sspicli.dll, address range [0x74b40000-0x74b5ffff], minimal analysis -->
	<msg id='12' source='mc'>
		<type>MODULE_LOAD_NO_ANALYSIS</type>
		<severity>INFO</severity>
		<timestamp>Mon Dec 30 21:35:46 2019</timestamp>
		<arg name='path'>c:\windows\syswow64\sspicli.dll</arg>
		<arg name='addr1'>0x74b40000</arg>
		<arg name='addr2'>0x74b5ffff</arg>
	</msg>
	<!-- Module loaded c:\windows\syswow64\cryptbase.dll, address range [0x74b30000-0x74b39fff] -->
	<msg id='13' source='mc'>
		<type>MODULE_LOAD</type>
		<severity>INFO</severity>
		<timestamp>Mon Dec 30 21:35:46 2019</timestamp>
		<arg name='path'>c:\windows\syswow64\cryptbase.dll</arg>
		<arg name='addr1'>0x74b30000</arg>
		<arg name='addr2'>0x74b39fff</arg>
	</msg>
	<!-- Module loaded c:\windows\syswow64\bcryptprimitives.dll, address range [0x767c0000-0x7681efff], minimal analysis -->
	<msg id='14' source='mc'>
		<type>MODULE_LOAD_NO_ANALYSIS</type>
		<severity>INFO</severity>
		<timestamp>Mon Dec 30 21:35:46 2019</timestamp>
		<arg name='path'>c:\windows\syswow64\bcryptprimitives.dll</arg>
		<arg name='addr1'>0x767c0000</arg>
		<arg name='addr2'>0x7681efff</arg>
	</msg>
	<!-- Module loaded c:\windows\syswow64\gdi32.dll, address range [0x77330000-0x77350fff] -->
	<msg id='15' source='mc'>
		<type>MODULE_LOAD</type>
		<severity>INFO</severity>
		<timestamp>Mon Dec 30 21:35:46 2019</timestamp>
		<arg name='path'>c:\windows\syswow64\gdi32.dll</arg>
		<arg name='addr1'>0x77330000</arg>
		<arg name='addr2'>0x77350fff</arg>
	</msg>
	<!-- Module loaded c:\windows\syswow64\win32u.dll, address range [0x77310000-0x77326fff] -->
	<msg id='16' source='mc'>
		<type>MODULE_LOAD</type>
		<severity>INFO</severity>
		<timestamp>Mon Dec 30 21:35:46 2019</timestamp>
		<arg name='path'>c:\windows\syswow64\win32u.dll</arg>
		<arg name='addr1'>0x77310000</arg>
		<arg name='addr2'>0x77326fff</arg>
	</msg>
	<!-- Module loaded c:\windows\syswow64\gdi32full.dll, address range [0x760e0000-0x76239fff], minimal analysis -->
	<msg id='17' source='mc'>
		<type>MODULE_LOAD_NO_ANALYSIS</type>
		<severity>INFO</severity>
		<timestamp>Mon Dec 30 21:35:46 2019</timestamp>
		<arg name='path'>c:\windows\syswow64\gdi32full.dll</arg>
		<arg name='addr1'>0x760e0000</arg>
		<arg name='addr2'>0x76239fff</arg>
	</msg>
	<!-- Module loaded c:\windows\syswow64\msvcp_win.dll, address range [0x74c80000-0x74cfbfff] -->
	<msg id='18' source='mc'>
		<type>MODULE_LOAD</type>
		<severity>INFO</severity>
		<timestamp>Mon Dec 30 21:35:46 2019</timestamp>
		<arg name='path'>c:\windows\syswow64\msvcp_win.dll</arg>
		<arg name='addr1'>0x74c80000</arg>
		<arg name='addr2'>0x74cfbfff</arg>
	</msg>
	<!-- Module loaded c:\windows\syswow64\ucrtbase.dll, address range [0x74b60000-0x74c7efff] -->
	<msg id='19' source='mc'>
		<type>MODULE_LOAD</type>
		<severity>INFO</severity>
		<timestamp>Mon Dec 30 21:35:46 2019</timestamp>
		<arg name='path'>c:\windows\syswow64\ucrtbase.dll</arg>
		<arg name='addr1'>0x74b60000</arg>
		<arg name='addr2'>0x74c7efff</arg>
	</msg>
	<!-- Module loaded c:\windows\syswow64\user32.dll, address range [0x75670000-0x75806fff], minimal analysis -->
	<msg id='20' source='mc'>
		<type>MODULE_LOAD_NO_ANALYSIS</type>
		<severity>INFO</severity>
		<timestamp>Mon Dec 30 21:35:46 2019</timestamp>
		<arg name='path'>c:\windows\syswow64\user32.dll</arg>
		<arg name='addr1'>0x75670000</arg>
		<arg name='addr2'>0x75806fff</arg>
	</msg>
	<!-- Module loaded c:\windows\syswow64\imm32.dll, address range [0x76870000-0x76894fff], minimal analysis -->
	<msg id='21' source='mc'>
		<type>MODULE_LOAD_NO_ANALYSIS</type>
		<severity>INFO</severity>
		<timestamp>Mon Dec 30 21:35:46 2019</timestamp>
		<arg name='path'>c:\windows\syswow64\imm32.dll</arg>
		<arg name='addr1'>0x76870000</arg>
		<arg name='addr2'>0x76894fff</arg>
	</msg>
	<!-- Module loaded c:\windows\syswow64\ole32.dll, address range [0x74f80000-0x75076fff] -->
	<msg id='22' source='mc'>
		<type>MODULE_LOAD</type>
		<severity>INFO</severity>
		<timestamp>Mon Dec 30 21:35:47 2019</timestamp>
		<arg name='path'>c:\windows\syswow64\ole32.dll</arg>
		<arg name='addr1'>0x74f80000</arg>
		<arg name='addr2'>0x75076fff</arg>
	</msg>
	<!-- Module loaded c:\windows\syswow64\combase.dll, address range [0x74d00000-0x74f75fff], minimal analysis -->
	<msg id='23' source='mc'>
		<type>MODULE_LOAD_NO_ANALYSIS</type>
		<severity>INFO</severity>
		<timestamp>Mon Dec 30 21:35:47 2019</timestamp>
		<arg name='path'>c:\windows\syswow64\combase.dll</arg>
		<arg name='addr1'>0x74d00000</arg>
		<arg name='addr2'>0x74f75fff</arg>
	</msg>
	<!-- Module loaded c:\windows\syswow64\oleaut32.dll, address range [0x764e0000-0x76571fff], minimal analysis -->
	<msg id='24' source='mc'>
		<type>MODULE_LOAD_NO_ANALYSIS</type>
		<severity>INFO</severity>
		<timestamp>Mon Dec 30 21:35:47 2019</timestamp>
		<arg name='path'>c:\windows\syswow64\oleaut32.dll</arg>
		<arg name='addr1'>0x764e0000</arg>
		<arg name='addr2'>0x76571fff</arg>
	</msg>
	<!-- Module loaded c:\windows\syswow64\setupapi.dll, address range [0x75810000-0x75c58fff] -->
	<msg id='25' source='mc'>
		<type>MODULE_LOAD</type>
		<severity>INFO</severity>
		<timestamp>Mon Dec 30 21:35:47 2019</timestamp>
		<arg name='path'>c:\windows\syswow64\setupapi.dll</arg>
		<arg name='addr1'>0x75810000</arg>
		<arg name='addr2'>0x75c58fff</arg>
	</msg>
	<!-- Module loaded c:\windows\syswow64\cfgmgr32.dll, address range [0x75f90000-0x75fcafff] -->
	<msg id='26' source='mc'>
		<type>MODULE_LOAD</type>
		<severity>INFO</severity>
		<timestamp>Mon Dec 30 21:35:47 2019</timestamp>
		<arg name='path'>c:\windows\syswow64\cfgmgr32.dll</arg>
		<arg name='addr1'>0x75f90000</arg>
		<arg name='addr2'>0x75fcafff</arg>
	</msg>
	<!-- Module loaded c:\windows\syswow64\bcrypt.dll, address range [0x75c60000-0x75c78fff] -->
	<msg id='27' source='mc'>
		<type>MODULE_LOAD</type>
		<severity>INFO</severity>
		<timestamp>Mon Dec 30 21:35:47 2019</timestamp>
		<arg name='path'>c:\windows\syswow64\bcrypt.dll</arg>
		<arg name='addr1'>0x75c60000</arg>
		<arg name='addr2'>0x75c78fff</arg>
	</msg>
	<!-- Module loaded c:\windows\syswow64\shell32.dll, address range [0x750e0000-0x75659fff] -->
	<msg id='28' source='mc'>
		<type>MODULE_LOAD</type>
		<severity>INFO</severity>
		<timestamp>Mon Dec 30 21:35:47 2019</timestamp>
		<arg name='path'>c:\windows\syswow64\shell32.dll</arg>
		<arg name='addr1'>0x750e0000</arg>
		<arg name='addr2'>0x75659fff</arg>
	</msg>
	<!-- Module loaded c:\windows\syswow64\shcore.dll, address range [0x76240000-0x762c3fff], minimal analysis -->
	<msg id='29' source='mc'>
		<type>MODULE_LOAD_NO_ANALYSIS</type>
		<severity>INFO</severity>
		<timestamp>Mon Dec 30 21:35:47 2019</timestamp>
		<arg name='path'>c:\windows\syswow64\shcore.dll</arg>
		<arg name='addr1'>0x76240000</arg>
		<arg name='addr2'>0x762c3fff</arg>
	</msg>
	<!-- Module loaded c:\windows\syswow64\windows.storage.dll, address range [0x769f0000-0x76fb4fff] -->
	<msg id='30' source='mc'>
		<type>MODULE_LOAD</type>
		<severity>INFO</severity>
		<timestamp>Mon Dec 30 21:35:47 2019</timestamp>
		<arg name='path'>c:\windows\syswow64\windows.storage.dll</arg>
		<arg name='addr1'>0x769f0000</arg>
		<arg name='addr2'>0x76fb4fff</arg>
	</msg>
	<!-- Module loaded c:\windows\syswow64\profapi.dll, address range [0x75e60000-0x75e76fff] -->
	<msg id='31' source='mc'>
		<type>MODULE_LOAD</type>
		<severity>INFO</severity>
		<timestamp>Mon Dec 30 21:35:47 2019</timestamp>
		<arg name='path'>c:\windows\syswow64\profapi.dll</arg>
		<arg name='addr1'>0x75e60000</arg>
		<arg name='addr2'>0x75e76fff</arg>
	</msg>
	<!-- Module loaded c:\windows\syswow64\powrprof.dll, address range [0x770c0000-0x77102fff] -->
	<msg id='32' source='mc'>
		<type>MODULE_LOAD</type>
		<severity>INFO</severity>
		<timestamp>Mon Dec 30 21:35:47 2019</timestamp>
		<arg name='path'>c:\windows\syswow64\powrprof.dll</arg>
		<arg name='addr1'>0x770c0000</arg>
		<arg name='addr2'>0x77102fff</arg>
	</msg>
	<!-- Module loaded c:\windows\syswow64\umpdc.dll, address range [0x76580000-0x7658cfff] -->
	<msg id='33' source='mc'>
		<type>MODULE_LOAD</type>
		<severity>INFO</severity>
		<timestamp>Mon Dec 30 21:35:47 2019</timestamp>
		<arg name='path'>c:\windows\syswow64\umpdc.dll</arg>
		<arg name='addr1'>0x76580000</arg>
		<arg name='addr2'>0x7658cfff</arg>
	</msg>
	<!-- Module loaded c:\windows\syswow64\shlwapi.dll, address range [0x76fc0000-0x77003fff] -->
	<msg id='34' source='mc'>
		<type>MODULE_LOAD</type>
		<severity>INFO</severity>
		<timestamp>Mon Dec 30 21:35:47 2019</timestamp>
		<arg name='path'>c:\windows\syswow64\shlwapi.dll</arg>
		<arg name='addr1'>0x76fc0000</arg>
		<arg name='addr2'>0x77003fff</arg>
	</msg>
	<!-- Module loaded c:\windows\syswow64\kernel.appcore.dll, address range [0x77300000-0x7730efff] -->
	<msg id='35' source='mc'>
		<type>MODULE_LOAD</type>
		<severity>INFO</severity>
		<timestamp>Mon Dec 30 21:35:47 2019</timestamp>
		<arg name='path'>c:\windows\syswow64\kernel.appcore.dll</arg>
		<arg name='addr1'>0x77300000</arg>
		<arg name='addr2'>0x7730efff</arg>
	</msg>
	<!-- Module loaded c:\windows\syswow64\cryptsp.dll, address range [0x772e0000-0x772f2fff] -->
	<msg id='36' source='mc'>
		<type>MODULE_LOAD</type>
		<severity>INFO</severity>
		<timestamp>Mon Dec 30 21:35:47 2019</timestamp>
		<arg name='path'>c:\windows\syswow64\cryptsp.dll</arg>
		<arg name='addr1'>0x772e0000</arg>
		<arg name='addr2'>0x772f2fff</arg>
	</msg>
	<!-- Module loaded c:\windows\syswow64\vcruntime140d.dll, address range [0x7a150000-0x7a169fff] -->
	<msg id='37' source='mc'>
		<type>MODULE_LOAD</type>
		<severity>INFO</severity>
		<timestamp>Mon Dec 30 21:35:47 2019</timestamp>
		<arg name='path'>c:\windows\syswow64\vcruntime140d.dll</arg>
		<arg name='addr1'>0x7a150000</arg>
		<arg name='addr2'>0x7a169fff</arg>
	</msg>
	<!-- Module loaded c:\windows\syswow64\ucrtbased.dll, address range [0x0b8a0000-0x0ba10fff] -->
	<msg id='38' source='mc'>
		<type>MODULE_LOAD</type>
		<severity>INFO</severity>
		<timestamp>Mon Dec 30 21:35:47 2019</timestamp>
		<arg name='path'>c:\windows\syswow64\ucrtbased.dll</arg>
		<arg name='addr1'>0xb8a0000</arg>
		<arg name='addr2'>0xba10fff</arg>
	</msg>
	<!-- Module loaded c:\windows\syswow64\version.dll, address range [0x74380000-0x74387fff] -->
	<msg id='39' source='mc'>
		<type>MODULE_LOAD</type>
		<severity>INFO</severity>
		<timestamp>Mon Dec 30 21:35:47 2019</timestamp>
		<arg name='path'>c:\windows\syswow64\version.dll</arg>
		<arg name='addr1'>0x74380000</arg>
		<arg name='addr2'>0x74387fff</arg>
	</msg>
	<!-- Module loaded c:\windows\syswow64\winmm.dll, address range [0x71870000-0x71893fff] -->
	<msg id='40' source='mc'>
		<type>MODULE_LOAD</type>
		<severity>INFO</severity>
		<timestamp>Mon Dec 30 21:35:47 2019</timestamp>
		<arg name='path'>c:\windows\syswow64\winmm.dll</arg>
		<arg name='addr1'>0x71870000</arg>
		<arg name='addr2'>0x71893fff</arg>
	</msg>
	<!-- Module loaded c:\windows\syswow64\winmmbase.dll, address range [0x70c80000-0x70ca2fff] -->
	<msg id='41' source='mc'>
		<type>MODULE_LOAD</type>
		<severity>INFO</severity>
		<timestamp>Mon Dec 30 21:35:47 2019</timestamp>
		<arg name='path'>c:\windows\syswow64\winmmbase.dll</arg>
		<arg name='addr1'>0x70c80000</arg>
		<arg name='addr2'>0x70ca2fff</arg>
	</msg>
	<!-- Module loaded c:\windows\syswow64\uxtheme.dll, address range [0x71c90000-0x71d09fff], minimal analysis -->
	<msg id='42' source='mc'>
		<type>MODULE_LOAD_NO_ANALYSIS</type>
		<severity>INFO</severity>
		<timestamp>Mon Dec 30 21:35:51 2019</timestamp>
		<arg name='path'>c:\windows\syswow64\uxtheme.dll</arg>
		<arg name='addr1'>0x71c90000</arg>
		<arg name='addr2'>0x71d09fff</arg>
	</msg>
	<!-- Heartbeat, tids = 12124, syscallStatus = 0, calls = 165535 -->
	<msg id='43' display='false' source='mc'>
		<type>HEARTBEAT</type>
		<severity>INFO</severity>
		<timestamp>Mon Dec 30 21:35:52 2019</timestamp>
		<arg name='tids'>12124</arg>
		<arg name='syscalls'>0</arg>
		<arg name='calls'>165535</arg>
	</msg>
	<!-- Module loaded c:\windows\syswow64\opengl32.dll, address range [0x79f10000-0x7a00efff] -->
	<msg id='44' source='mc'>
		<type>MODULE_LOAD</type>
		<severity>INFO</severity>
		<timestamp>Mon Dec 30 21:35:52 2019</timestamp>
		<arg name='path'>c:\windows\syswow64\opengl32.dll</arg>
		<arg name='addr1'>0x79f10000</arg>
		<arg name='addr2'>0x7a00efff</arg>
	</msg>
	<!-- Module loaded c:\windows\syswow64\glu32.dll, address range [0x0e640000-0x0e67efff] -->
	<msg id='45' source='mc'>
		<type>MODULE_LOAD</type>
		<severity>INFO</severity>
		<timestamp>Mon Dec 30 21:35:52 2019</timestamp>
		<arg name='path'>c:\windows\syswow64\glu32.dll</arg>
		<arg name='addr1'>0xe640000</arg>
		<arg name='addr2'>0xe67efff</arg>
	</msg>
	<!-- Module loaded c:\windows\syswow64\dxcore.dll, address range [0x6b0d0000-0x6b0e8fff] -->
	<msg id='46' source='mc'>
		<type>MODULE_LOAD</type>
		<severity>INFO</severity>
		<timestamp>Mon Dec 30 21:35:52 2019</timestamp>
		<arg name='path'>c:\windows\syswow64\dxcore.dll</arg>
		<arg name='addr1'>0x6b0d0000</arg>
		<arg name='addr2'>0x6b0e8fff</arg>
	</msg>
	<!-- Module loaded c:\windows\syswow64\msctf.dll, address range [0x75fd0000-0x760d2fff], minimal analysis -->
	<msg id='47' source='mc'>
		<type>MODULE_LOAD_NO_ANALYSIS</type>
		<severity>INFO</severity>
		<timestamp>Mon Dec 30 21:35:52 2019</timestamp>
		<arg name='path'>c:\windows\syswow64\msctf.dll</arg>
		<arg name='addr1'>0x75fd0000</arg>
		<arg name='addr2'>0x760d2fff</arg>
	</msg>
	<!-- Module loaded c:\windows\system32\driverstore\filerepository\nv_dispi.inf_amd64_db678424d2641c3d\nvoglv32.dll, address range [0x0e720000-0x1045efff] -->
	<msg id='48' source='mc'>
		<type>MODULE_LOAD</type>
		<severity>INFO</severity>
		<timestamp>Mon Dec 30 21:35:53 2019</timestamp>
		<arg name='path'>c:\windows\system32\driverstore\filerepository\nv_dispi.inf_amd64_db678424d2641c3d\nvoglv32.dll</arg>
		<arg name='addr1'>0xe720000</arg>
		<arg name='addr2'>0x1045efff</arg>
	</msg>
	<!-- Module loaded c:\windows\syswow64\wtsapi32.dll, address range [0x73510000-0x7351efff] -->
	<msg id='49' source='mc'>
		<type>MODULE_LOAD</type>
		<severity>INFO</severity>
		<timestamp>Mon Dec 30 21:35:53 2019</timestamp>
		<arg name='path'>c:\windows\syswow64\wtsapi32.dll</arg>
		<arg name='addr1'>0x73510000</arg>
		<arg name='addr2'>0x7351efff</arg>
	</msg>
	<!-- DIAG: 2 -->
	<!-- DIAG: 3 -->
	<!-- DIAG: 4 -->
	<!-- Heartbeat, tids = 12124, syscallStatus = 0, calls = 29681 -->
	<msg id='50' display='false' source='mc'>
		<type>HEARTBEAT</type>
		<severity>INFO</severity>
		<timestamp>Mon Dec 30 21:35:53 2019</timestamp>
		<arg name='tids'>12124</arg>
		<arg name='syscalls'>0</arg>
		<arg name='calls'>29681</arg>
	</msg>
	<!-- DIAG: 5 -->
	<!-- DIAG: 6 -->
	<!-- DIAG: 7 -->
	<!-- DIAG: 8 -->
	<!-- DIAG: 9 -->
	<!-- DIAG: 10 -->
	<!-- DIAG: 11 -->
	<!-- DIAG: 12 -->
	<!-- DIAG: 13 -->
	<!-- DIAG: 14 -->
	<!-- DIAG: 15 -->
	<!-- DIAG: 16 -->
	<!-- DIAG: 17 -->
	<!-- DIAG: 18 -->
	<!-- DIAG: 19 -->
	<!-- DIAG: 20 -->
	<!-- Heartbeat, tids = 12124, syscallStatus = 0, calls = 8552 -->
	<msg id='51' display='false' source='mc'>
		<type>HEARTBEAT</type>
		<severity>INFO</severity>
		<timestamp>Mon Dec 30 21:35:54 2019</timestamp>
		<arg name='tids'>12124</arg>
		<arg name='syscalls'>0</arg>
		<arg name='calls'>8552</arg>
	</msg>
	<!-- DIAG: 21 -->
	<!-- DIAG: 22 -->
	<!-- DIAG: 23 -->
	<!-- DIAG: 24 -->
	<!-- Heartbeat, tids = 12124,21904, syscallStatus = 0,1, calls = 30527,102 -->
	<msg id='52' display='false' source='mc'>
		<type>HEARTBEAT</type>
		<severity>INFO</severity>
		<timestamp>Mon Dec 30 21:35:55 2019</timestamp>
		<arg name='tids'>12124,21904</arg>
		<arg name='syscalls'>0,1</arg>
		<arg name='calls'>30527,102</arg>
	</msg>
	<!-- DIAG: 25 -->
	<!-- DIAG: 26 -->
	<!-- DIAG: 27 -->
	<!-- DIAG: 28 -->
	<!-- DIAG: 29 -->
	<!-- DIAG: 30 -->
	<!-- DIAG: 31 -->
	<!-- DIAG: 32 -->
	<!-- DIAG: 33 -->
	<!-- DIAG: 34 -->
	<!-- DIAG: 35 -->
	<!-- DIAG: 36 -->
	<!-- DIAG: 37 -->
	<!-- DIAG: 38 -->
	<!-- DIAG: 39 -->
	<!-- DIAG: 40 -->
	<!-- DIAG: 41 -->
	<!-- DIAG: 42 -->
	<!-- DIAG: 43 -->
	<!-- DIAG: 44 -->
	<!-- DIAG: 45 -->
	<!-- DIAG: 46 -->
	<!-- DIAG: 47 -->
	<!-- DIAG: 48 -->
	<!-- DIAG: 49 -->
	<!-- DIAG: 50 -->
	<!-- DIAG: 51 -->
	<!-- DIAG: 52 -->
	<!-- DIAG: 53 -->
	<!-- DIAG: 54 -->
	<!-- DIAG: 55 -->
	<!-- DIAG: 56 -->
	<!-- DIAG: 57 -->
	<!-- DIAG: 58 -->
	<!-- DIAG: 59 -->
	<!-- DIAG: 60 -->
	<!-- DIAG: 61 -->
	<!-- DIAG: 62 -->
	<!-- DIAG: 63 -->
	<!-- DIAG: 64 -->
	<!-- Heartbeat, tids = 12124,21904, syscallStatus = 0,1, calls = 75807,0 -->
	<msg id='53' display='false' source='mc'>
		<type>HEARTBEAT</type>
		<severity>INFO</severity>
		<timestamp>Mon Dec 30 21:35:56 2019</timestamp>
		<arg name='tids'>12124,21904</arg>
		<arg name='syscalls'>0,1</arg>
		<arg name='calls'>75807,0</arg>
	</msg>
	<!-- DIAG: 65 -->
	<!-- DIAG: 66 -->
	<!-- DIAG: 67 -->
	<!-- DIAG: 68 -->
	<!-- DIAG: 69 -->
	<!-- DIAG: 70 -->
	<!-- DIAG: 71 -->
	<!-- DIAG: 72 -->
	<!-- DIAG: 73 -->
	<!-- DIAG: 74 -->
	<!-- DIAG: 75 -->
	<!-- Module loaded c:\windows\syswow64\devobj.dll, address range [0x6d260000-0x6d282fff] -->
	<msg id='54' source='mc'>
		<type>MODULE_LOAD</type>
		<severity>INFO</severity>
		<timestamp>Mon Dec 30 21:35:56 2019</timestamp>
		<arg name='path'>c:\windows\syswow64\devobj.dll</arg>
		<arg name='addr1'>0x6d260000</arg>
		<arg name='addr2'>0x6d282fff</arg>
	</msg>
	<!-- DIAG: 76 -->
	<!-- DIAG: 77 -->
	<!-- DIAG: 78 -->
	<!-- DIAG: 79 -->
	<!-- DIAG: 80 -->
	<!-- DIAG: 81 -->
	<!-- DIAG: 82 -->
	<!-- DIAG: 83 -->
	<!-- DIAG: 84 -->
	<!-- DIAG: 85 -->
	<!-- DIAG: 86 -->
	<!-- DIAG: 87 -->
	<!-- Module loaded c:\windows\syswow64\wintrust.dll, address range [0x76820000-0x76865fff] -->
	<msg id='55' source='mc'>
		<type>MODULE_LOAD</type>
		<severity>INFO</severity>
		<timestamp>Mon Dec 30 21:35:57 2019</timestamp>
		<arg name='path'>c:\windows\syswow64\wintrust.dll</arg>
		<arg name='addr1'>0x76820000</arg>
		<arg name='addr2'>0x76865fff</arg>
	</msg>
	<!-- Module loaded c:\windows\syswow64\msasn1.dll, address range [0x764d0000-0x764ddfff] -->
	<msg id='56' source='mc'>
		<type>MODULE_LOAD</type>
		<severity>INFO</severity>
		<timestamp>Mon Dec 30 21:35:57 2019</timestamp>
		<arg name='path'>c:\windows\syswow64\msasn1.dll</arg>
		<arg name='addr1'>0x764d0000</arg>
		<arg name='addr2'>0x764ddfff</arg>
	</msg>
	<!-- Module loaded c:\windows\syswow64\crypt32.dll, address range [0x75e80000-0x75f7afff] -->
	<msg id='57' source='mc'>
		<type>MODULE_LOAD</type>
		<severity>INFO</severity>
		<timestamp>Mon Dec 30 21:35:57 2019</timestamp>
		<arg name='path'>c:\windows\syswow64\crypt32.dll</arg>
		<arg name='addr1'>0x75e80000</arg>
		<arg name='addr2'>0x75f7afff</arg>
	</msg>
	<!-- Heartbeat, tids = 12124,21904, syscallStatus = 0,1, calls = 28594,0 -->
	<msg id='58' display='false' source='mc'>
		<type>HEARTBEAT</type>
		<severity>INFO</severity>
		<timestamp>Mon Dec 30 21:35:57 2019</timestamp>
		<arg name='tids'>12124,21904</arg>
		<arg name='syscalls'>0,1</arg>
		<arg name='calls'>28594,0</arg>
	</msg>
	<!-- DIAG: 88 -->
	<!-- DIAG: 89 -->
	<!-- DIAG: 90 -->
	<!-- DIAG: 91 -->
	<!-- DIAG: 92 -->
	<!-- DIAG: 93 -->
	<!-- DIAG: 94 -->
	<!-- DIAG: 95 -->
	<!-- DIAG: 96 -->
	<!-- DIAG: 97 -->
	<!-- DIAG: 98 -->
	<!-- Module loaded c:\windows\syswow64\ntmarta.dll, address range [0x70cb0000-0x70cd8fff] -->
	<msg id='59' source='mc'>
		<type>MODULE_LOAD</type>
		<severity>INFO</severity>
		<timestamp>Mon Dec 30 21:35:57 2019</timestamp>
		<arg name='path'>c:\windows\syswow64\ntmarta.dll</arg>
		<arg name='addr1'>0x70cb0000</arg>
		<arg name='addr2'>0x70cd8fff</arg>
	</msg>
	<!-- DIAG: 99 -->
	<!-- DIAG: 100 -->
	<!-- DIAG: 101 -->
	<!-- DIAG: 102 -->
	<!-- DIAG: 103 -->
	<!-- Heartbeat, tids = 12124,21904,14948,15076, syscallStatus = 0,1,0,1, calls = 7518,10970,5367,4929 -->
	<msg id='60' display='false' source='mc'>
		<type>HEARTBEAT</type>
		<severity>INFO</severity>
		<timestamp>Mon Dec 30 21:35:58 2019</timestamp>
		<arg name='tids'>12124,21904,14948,15076</arg>
		<arg name='syscalls'>0,1,0,1</arg>
		<arg name='calls'>7518,10970,5367,4929</arg>
	</msg>
	<!-- DIAG: 104 -->
	<!-- DIAG: 105 -->
	<!-- DIAG: 106 -->
	<!-- DIAG: 107 -->
	<!-- Module loaded c:\windows\syswow64\dwmapi.dll, address range [0x71820000-0x71844fff] -->
	<msg id='61' source='mc'>
		<type>MODULE_LOAD</type>
		<severity>INFO</severity>
		<timestamp>Mon Dec 30 21:35:58 2019</timestamp>
		<arg name='path'>c:\windows\syswow64\dwmapi.dll</arg>
		<arg name='addr1'>0x71820000</arg>
		<arg name='addr2'>0x71844fff</arg>
	</msg>
	<!-- DIAG: 108 -->
	<!-- DIAG: 109 -->
	<!-- DIAG: 110 -->
	<!-- DIAG: 111 -->
	<!-- DIAG: 112 -->
	<!-- DIAG: 113 -->
	<!-- DIAG: 114 -->
	<!-- Heartbeat, tids = 12124, syscallStatus = 0, calls = 23725 -->
	<msg id='62' display='false' source='mc'>
		<type>HEARTBEAT</type>
		<severity>INFO</severity>
		<timestamp>Mon Dec 30 21:35:59 2019</timestamp>
		<arg name='tids'>12124</arg>
		<arg name='syscalls'>0</arg>
		<arg name='calls'>23725</arg>
	</msg>
	<!-- Heartbeat, tids = 12124, syscallStatus = 0, calls = 1965155 -->
	<msg id='63' display='false' source='mc'>
		<type>HEARTBEAT</type>
		<severity>INFO</severity>
		<timestamp>Mon Dec 30 21:36:00 2019</timestamp>
		<arg name='tids'>12124</arg>
		<arg name='syscalls'>0</arg>
		<arg name='calls'>1965155</arg>
	</msg>
	<!-- Heartbeat, tids = 12124, syscallStatus = 0, calls = 1304112 -->
	<msg id='64' display='false' source='mc'>
		<type>HEARTBEAT</type>
		<severity>INFO</severity>
		<timestamp>Mon Dec 30 21:36:01 2019</timestamp>
		<arg name='tids'>12124</arg>
		<arg name='syscalls'>0</arg>
		<arg name='calls'>1304112</arg>
	</msg>
	<!-- Module loaded c:\windows\syswow64\nvspcap.dll, address range [0x12380000-0x125a9fff] -->
	<msg id='65' source='mc'>
		<type>MODULE_LOAD</type>
		<severity>INFO</severity>
		<timestamp>Mon Dec 30 21:36:02 2019</timestamp>
		<arg name='path'>c:\windows\syswow64\nvspcap.dll</arg>
		<arg name='addr1'>0x12380000</arg>
		<arg name='addr2'>0x125a9fff</arg>
	</msg>
	<!-- DIAG: 115 -->
	<!-- Heartbeat, tids = 12124, syscallStatus = 0, calls = 9592 -->
	<msg id='66' display='false' source='mc'>
		<type>HEARTBEAT</type>
		<severity>INFO</severity>
		<timestamp>Mon Dec 30 21:36:02 2019</timestamp>
		<arg name='tids'>12124</arg>
		<arg name='syscalls'>0</arg>
		<arg name='calls'>9592</arg>
	</msg>
	<!-- DIAG: 116 -->
	<!-- DIAG: 117 -->
	<!-- Heartbeat, tids = 12124,20936, syscallStatus = 0,1, calls = 467878,1602 -->
	<msg id='67' display='false' source='mc'>
		<type>HEARTBEAT</type>
		<severity>INFO</severity>
		<timestamp>Mon Dec 30 21:36:03 2019</timestamp>
		<arg name='tids'>12124,20936</arg>
		<arg name='syscalls'>0,1</arg>
		<arg name='calls'>467878,1602</arg>
	</msg>
	<!-- DIAG: 118 -->
	<!-- Heartbeat, tids = 12124,20936,7424, syscallStatus = 0,1,1, calls = 2000254,0,2251 -->
	<msg id='68' display='false' source='mc'>
		<type>HEARTBEAT</type>
		<severity>INFO</severity>
		<timestamp>Mon Dec 30 21:36:04 2019</timestamp>
		<arg name='tids'>12124,20936,7424</arg>
		<arg name='syscalls'>0,1,1</arg>
		<arg name='calls'>2000254,0,2251</arg>
	</msg>
	<!-- Heartbeat, tids = 12124,20936,7424, syscallStatus = 0,1,1, calls = 926515,0,0 -->
	<msg id='69' display='false' source='mc'>
		<type>HEARTBEAT</type>
		<severity>INFO</severity>
		<timestamp>Mon Dec 30 21:36:05 2019</timestamp>
		<arg name='tids'>12124,20936,7424</arg>
		<arg name='syscalls'>0,1,1</arg>
		<arg name='calls'>926515,0,0</arg>
	</msg>
	<!-- DIAG: 119 -->
	<!-- Heartbeat, tids = 12124,20936,7424,23200, syscallStatus = 0,1,1,1, calls = 12804,0,0,1489 -->
	<msg id='70' display='false' source='mc'>
		<type>HEARTBEAT</type>
		<severity>INFO</severity>
		<timestamp>Mon Dec 30 21:36:06 2019</timestamp>
		<arg name='tids'>12124,20936,7424,23200</arg>
		<arg name='syscalls'>0,1,1,1</arg>
		<arg name='calls'>12804,0,0,1489</arg>
	</msg>
	<!-- DIAG: 120 -->
	<!-- DIAG: 121 -->
	<!-- Module loaded c:\windows\syswow64\winsta.dll, address range [0x729c0000-0x72a08fff] -->
	<msg id='71' source='mc'>
		<type>MODULE_LOAD</type>
		<severity>INFO</severity>
		<timestamp>Mon Dec 30 21:36:07 2019</timestamp>
		<arg name='path'>c:\windows\syswow64\winsta.dll</arg>
		<arg name='addr1'>0x729c0000</arg>
		<arg name='addr2'>0x72a08fff</arg>
	</msg>
	<!-- Heartbeat, tids = 12124,20936,7424,23200,13608,18280, syscallStatus = 1,1,1,1,0,1, calls = 6247,0,192,0,8642,1575 -->
	<msg id='72' display='false' source='mc'>
		<type>HEARTBEAT</type>
		<severity>INFO</severity>
		<timestamp>Mon Dec 30 21:36:07 2019</timestamp>
		<arg name='tids'>12124,20936,7424,23200,13608,18280</arg>
		<arg name='syscalls'>1,1,1,1,0,1</arg>
		<arg name='calls'>6247,0,192,0,8642,1575</arg>
	</msg>
	<!-- Heartbeat, tids = 12124,20936,7424,23200,13608,18280, syscallStatus = 0,1,1,1,1,1, calls = 384859,0,0,0,2393,0 -->
	<msg id='73' display='false' source='mc'>
		<type>HEARTBEAT</type>
		<severity>INFO</severity>
		<timestamp>Mon Dec 30 21:36:08 2019</timestamp>
		<arg name='tids'>12124,20936,7424,23200,13608,18280</arg>
		<arg name='syscalls'>0,1,1,1,1,1</arg>
		<arg name='calls'>384859,0,0,0,2393,0</arg>
	</msg>
	<!-- Heartbeat, tids = 12124,20936,7424,23200,13608,18280, syscallStatus = 0,1,1,1,1,1, calls = 716710,0,0,0,38,0 -->
	<msg id='74' display='false' source='mc'>
		<type>HEARTBEAT</type>
		<severity>INFO</severity>
		<timestamp>Mon Dec 30 21:36:09 2019</timestamp>
		<arg name='tids'>12124,20936,7424,23200,13608,18280</arg>
		<arg name='syscalls'>0,1,1,1,1,1</arg>
		<arg name='calls'>716710,0,0,0,38,0</arg>
	</msg>
	<!-- Heartbeat, tids = 12124,20936,7424,23200,13608,18280, syscallStatus = 0,1,1,1,1,1, calls = 6121,0,0,0,0,0 -->
	<msg id='75' display='false' source='mc'>
		<type>HEARTBEAT</type>
		<severity>INFO</severity>
		<timestamp>Mon Dec 30 21:36:10 2019</timestamp>
		<arg name='tids'>12124,20936,7424,23200,13608,18280</arg>
		<arg name='syscalls'>0,1,1,1,1,1</arg>
		<arg name='calls'>6121,0,0,0,0,0</arg>
	</msg>
	<!-- DIAG: 122 -->
	<!-- Heartbeat, tids = 12124,20936,7424,23200,13608,18280, syscallStatus = 0,1,1,1,1,1, calls = 142792,0,0,0,11,0 -->
	<msg id='76' display='false' source='mc'>
		<type>HEARTBEAT</type>
		<severity>INFO</severity>
		<timestamp>Mon Dec 30 21:36:11 2019</timestamp>
		<arg name='tids'>12124,20936,7424,23200,13608,18280</arg>
		<arg name='syscalls'>0,1,1,1,1,1</arg>
		<arg name='calls'>142792,0,0,0,11,0</arg>
	</msg>
	<!-- DIAG: 123 -->
	<!-- Module loaded c:\windows\syswow64\clbcatq.dll, address range [0x75d60000-0x75ddffff], minimal analysis -->
	<msg id='77' source='mc'>
		<type>MODULE_LOAD_NO_ANALYSIS</type>
		<severity>INFO</severity>
		<timestamp>Mon Dec 30 21:36:12 2019</timestamp>
		<arg name='path'>c:\windows\syswow64\clbcatq.dll</arg>
		<arg name='addr1'>0x75d60000</arg>
		<arg name='addr2'>0x75ddffff</arg>
	</msg>
	<!-- DIAG: 124 -->
	<!-- Heartbeat, tids = 12124,20936,7424,23200,13608,18280, syscallStatus = 0,1,1,1,1,1, calls = 477207,0,0,0,0,0 -->
	<msg id='78' display='false' source='mc'>
		<type>HEARTBEAT</type>
		<severity>INFO</severity>
		<timestamp>Mon Dec 30 21:36:12 2019</timestamp>
		<arg name='tids'>12124,20936,7424,23200,13608,18280</arg>
		<arg name='syscalls'>0,1,1,1,1,1</arg>
		<arg name='calls'>477207,0,0,0,0,0</arg>
	</msg>
	<!-- DIAG: 125 -->
	<!-- DIAG: 126 -->
	<!-- DIAG: 127 -->
	<!-- DIAG: 128 -->
	<!-- Heartbeat, tids = 12124,20936,7424,23200,13608,18280, syscallStatus = 0,1,1,1,1,1, calls = 17817,0,0,0,0,0 -->
	<msg id='79' display='false' source='mc'>
		<type>HEARTBEAT</type>
		<severity>INFO</severity>
		<timestamp>Mon Dec 30 21:36:13 2019</timestamp>
		<arg name='tids'>12124,20936,7424,23200,13608,18280</arg>
		<arg name='syscalls'>0,1,1,1,1,1</arg>
		<arg name='calls'>17817,0,0,0,0,0</arg>
	</msg>
	<!-- Heartbeat, tids = 12124,20936,7424,23200,13608,18280, syscallStatus = 0,1,1,1,1,1, calls = 7918,0,0,0,0,0 -->
	<msg id='80' display='false' source='mc'>
		<type>HEARTBEAT</type>
		<severity>INFO</severity>
		<timestamp>Mon Dec 30 21:36:14 2019</timestamp>
		<arg name='tids'>12124,20936,7424,23200,13608,18280</arg>
		<arg name='syscalls'>0,1,1,1,1,1</arg>
		<arg name='calls'>7918,0,0,0,0,0</arg>
	</msg>
	<!-- Module loaded c:\windows\syswow64\d3d9.dll, address range [0x607d0000-0x6095dfff] -->
	<msg id='81' source='mc'>
		<type>MODULE_LOAD</type>
		<severity>INFO</severity>
		<timestamp>Mon Dec 30 21:36:14 2019</timestamp>
		<arg name='path'>c:\windows\syswow64\d3d9.dll</arg>
		<arg name='addr1'>0x607d0000</arg>
		<arg name='addr2'>0x6095dfff</arg>
	</msg>
	<!-- DIAG: 129 -->
	<!-- DIAG: 130 -->
	<!-- DIAG: 131 -->
	<!-- Module loaded c:\windows\system32\driverstore\filerepository\nv_dispi.inf_amd64_db678424d2641c3d\nvldumd.dll, address range [0x5f030000-0x5f0f6fff] -->
	<msg id='82' source='mc'>
		<type>MODULE_LOAD</type>
		<severity>INFO</severity>
		<timestamp>Mon Dec 30 21:36:14 2019</timestamp>
		<arg name='path'>c:\windows\system32\driverstore\filerepository\nv_dispi.inf_amd64_db678424d2641c3d\nvldumd.dll</arg>
		<arg name='addr1'>0x5f030000</arg>
		<arg name='addr2'>0x5f0f6fff</arg>
	</msg>
	<!-- DIAG: 132 -->
	<!-- DIAG: 133 -->
	<!-- DIAG: 134 -->
	<!-- DIAG: 135 -->
	<!-- Heartbeat, tids = 12124,20936,7424,23200,13608,18280, syscallStatus = 0,1,1,1,1,1, calls = 32852,0,0,0,0,0 -->
	<msg id='83' display='false' source='mc'>
		<type>HEARTBEAT</type>
		<severity>INFO</severity>
		<timestamp>Mon Dec 30 21:36:15 2019</timestamp>
		<arg name='tids'>12124,20936,7424,23200,13608,18280</arg>
		<arg name='syscalls'>0,1,1,1,1,1</arg>
		<arg name='calls'>32852,0,0,0,0,0</arg>
	</msg>
	<!-- DIAG: 136 -->
	<!-- DIAG: 137 -->
	<!-- DIAG: 138 -->
	<!-- DIAG: 139 -->
	<!-- DIAG: 140 -->
	<!-- DIAG: 141 -->
	<!-- Module loaded c:\windows\syswow64\imagehlp.dll, address range [0x77110000-0x7712afff] -->
	<msg id='84' source='mc'>
		<type>MODULE_LOAD</type>
		<severity>INFO</severity>
		<timestamp>Mon Dec 30 21:36:15 2019</timestamp>
		<arg name='path'>c:\windows\syswow64\imagehlp.dll</arg>
		<arg name='addr1'>0x77110000</arg>
		<arg name='addr2'>0x7712afff</arg>
	</msg>
	<!-- DIAG: 142 -->
	<!-- Module loaded c:\windows\syswow64\rsaenh.dll, address range [0x73a50000-0x73a7efff] -->
	<msg id='85' source='mc'>
		<type>MODULE_LOAD</type>
		<severity>INFO</severity>
		<timestamp>Mon Dec 30 21:36:16 2019</timestamp>
		<arg name='path'>c:\windows\syswow64\rsaenh.dll</arg>
		<arg name='addr1'>0x73a50000</arg>
		<arg name='addr2'>0x73a7efff</arg>
	</msg>
	<!-- DIAG: 143 -->
	<!-- DIAG: 144 -->
	<!-- DIAG: 145 -->
	<!-- Heartbeat, tids = 12124,20936,7424,23200,13608,18280,21320, syscallStatus = 0,1,1,1,1,1,1, calls = 25334,0,0,0,0,0,1527 -->
	<msg id='86' display='false' source='mc'>
		<type>HEARTBEAT</type>
		<severity>INFO</severity>
		<timestamp>Mon Dec 30 21:36:16 2019</timestamp>
		<arg name='tids'>12124,20936,7424,23200,13608,18280,21320</arg>
		<arg name='syscalls'>0,1,1,1,1,1,1</arg>
		<arg name='calls'>25334,0,0,0,0,0,1527</arg>
	</msg>
	<!-- DIAG: 146 -->
	<!-- DIAG: 147 -->
	<!-- Heartbeat, tids = 12124,20936,7424,23200,13608,18280,21320, syscallStatus = 0,1,1,1,1,1,1, calls = 48890,0,0,0,0,0,0 -->
	<msg id='87' display='false' source='mc'>
		<type>HEARTBEAT</type>
		<severity>INFO</severity>
		<timestamp>Mon Dec 30 21:36:17 2019</timestamp>
		<arg name='tids'>12124,20936,7424,23200,13608,18280,21320</arg>
		<arg name='syscalls'>0,1,1,1,1,1,1</arg>
		<arg name='calls'>48890,0,0,0,0,0,0</arg>
	</msg>
	<!-- Module loaded c:\windows\system32\driverstore\filerepository\nv_dispi.inf_amd64_db678424d2641c3d\nvd3dum.dll, address range [0x19980000-0x1aab6fff] -->
	<msg id='88' source='mc'>
		<type>MODULE_LOAD</type>
		<severity>INFO</severity>
		<timestamp>Mon Dec 30 21:36:17 2019</timestamp>
		<arg name='path'>c:\windows\system32\driverstore\filerepository\nv_dispi.inf_amd64_db678424d2641c3d\nvd3dum.dll</arg>
		<arg name='addr1'>0x19980000</arg>
		<arg name='addr2'>0x1aab6fff</arg>
	</msg>
	<!-- DIAG: 148 -->
	<!-- DIAG: 149 -->
	<!-- DIAG: 150 -->
	<!-- DIAG: 151 -->
	<!-- DIAG: 152 -->
	<!-- DIAG: 153 -->
	<!-- DIAG: 154 -->
	<!-- DIAG: 155 -->
	<!-- DIAG: 156 -->
	<!-- Heartbeat, tids = 12124,20936,7424,23200,13608,18280,21320,5696, syscallStatus = 0,1,1,1,1,1,1,0, calls = 35908,0,0,0,0,0,0,2017 -->
	<msg id='89' display='false' source='mc'>
		<type>HEARTBEAT</type>
		<severity>INFO</severity>
		<timestamp>Mon Dec 30 21:36:18 2019</timestamp>
		<arg name='tids'>12124,20936,7424,23200,13608,18280,21320,5696</arg>
		<arg name='syscalls'>0,1,1,1,1,1,1,0</arg>
		<arg name='calls'>35908,0,0,0,0,0,0,2017</arg>
	</msg>
	<!-- DIAG: 157 -->
	<!-- DIAG: 158 -->
	<!-- DIAG: 159 -->
	<!-- DIAG: 160 -->
	<!-- DIAG: 161 -->
	<!-- DIAG: 162 -->
	<!-- DIAG: 163 -->
	<!-- DIAG: 164 -->
	<!-- DIAG: 165 -->
	<!-- DIAG: 166 -->
	<!-- DIAG: 167 -->
	<!-- DIAG: 168 -->
	<!-- DIAG: 169 -->
	<!-- DIAG: 170 -->
	<!-- DIAG: 171 -->
	<!-- DIAG: 172 -->
	<!-- DIAG: 173 -->
	<!-- DIAG: 174 -->
	<!-- DIAG: 175 -->
	<!-- DIAG: 176 -->
	<!-- DIAG: 177 -->
	<!-- DIAG: 178 -->
	<!-- DIAG: 179 -->
	<!-- DIAG: 180 -->
	<!-- DIAG: 181 -->
	<!-- Heartbeat, tids = 12124,20936,7424,23200,13608,18280,21320,5696, syscallStatus = 1,1,1,1,1,1,1,0, calls = 14366,0,0,0,0,0,0,12189 -->
	<msg id='90' display='false' source='mc'>
		<type>HEARTBEAT</type>
		<severity>INFO</severity>
		<timestamp>Mon Dec 30 21:36:19 2019</timestamp>
		<arg name='tids'>12124,20936,7424,23200,13608,18280,21320,5696</arg>
		<arg name='syscalls'>1,1,1,1,1,1,1,0</arg>
		<arg name='calls'>14366,0,0,0,0,0,0,12189</arg>
	</msg>
	<!-- DIAG: 182 -->
	<!-- DIAG: 183 -->
	<!-- DIAG: 184 -->
	<!-- DIAG: 185 -->
	<!-- DIAG: 186 -->
	<!-- DIAG: 187 -->
	<!-- DIAG: 188 -->
	<!-- DIAG: 189 -->
	<!-- DIAG: 190 -->
	<!-- DIAG: 191 -->
	<!-- DIAG: 192 -->
	<!-- DIAG: 193 -->
	<!-- DIAG: 194 -->
	<!-- DIAG: 195 -->
	<!-- DIAG: 196 -->
	<!-- DIAG: 197 -->
	<!-- DIAG: 198 -->
	<!-- DIAG: 199 -->
	<!-- DIAG: 200 -->
	<!-- DIAG: 201 -->
	<!-- DIAG: 202 -->
	<!-- DIAG: 203 -->
	<!-- DIAG: 204 -->
	<!-- DIAG: 205 -->
	<!-- DIAG: 206 -->
	<!-- DIAG: 207 -->
	<!-- DIAG: 208 -->
	<!-- DIAG: 209 -->
	<!-- DIAG: 210 -->
	<!-- DIAG: 211 -->
	<!-- DIAG: 212 -->
	<!-- DIAG: 213 -->
	<!-- DIAG: 214 -->
	<!-- DIAG: 215 -->
	<!-- DIAG: 216 -->
	<!-- DIAG: 217 -->
	<!-- DIAG: 218 -->
	<!-- DIAG: 219 -->
	<!-- DIAG: 220 -->
	<!-- DIAG: 221 -->
	<!-- DIAG: 222 -->
	<!-- DIAG: 223 -->
	<!-- DIAG: 224 -->
	<!-- DIAG: 225 -->
	<!-- Module loaded c:\windows\syswow64\resourcepolicyclient.dll, address range [0x14a00000-0x14a0efff] -->
	<msg id='91' source='mc'>
		<type>MODULE_LOAD</type>
		<severity>INFO</severity>
		<timestamp>Mon Dec 30 21:36:19 2019</timestamp>
		<arg name='path'>c:\windows\syswow64\resourcepolicyclient.dll</arg>
		<arg name='addr1'>0x14a00000</arg>
		<arg name='addr2'>0x14a0efff</arg>
	</msg>
	<!-- DIAG: 226 -->
	<!-- DIAG: 227 -->
	<!-- DIAG: 228 -->
	<!-- DIAG: 229 -->
	<!-- DIAG: 230 -->
	<!-- Module unloaded C:\Windows\SysWOW64\ResourcePolicyClient.dll -->
	<msg id='92' source='mc'>
		<type>MODULE_UNLOAD</type>
		<severity>INFO</severity>
		<timestamp>Mon Dec 30 21:36:20 2019</timestamp>
		<arg name='path'>C:\Windows\SysWOW64\ResourcePolicyClient.dll</arg>
	</msg>
	<!-- DIAG: 231 -->
	<!-- DIAG: 232 -->
	<!-- DIAG: 233 -->
	<!-- DIAG: 234 -->
	<!-- DIAG: 235 -->
	<!-- DIAG: 236 -->
	<!-- DIAG: 237 -->
	<!-- DIAG: 238 -->
	<!-- DIAG: 239 -->
	<!-- DIAG: 240 -->
	<!-- DIAG: 241 -->
	<!-- DIAG: 242 -->
	<!-- DIAG: 243 -->
	<!-- DIAG: 244 -->
	<!-- Heartbeat, tids = 12124,20936,7424,23200,13608,18280,21320, syscallStatus = 0,1,1,1,1,1,1, calls = 15932,0,0,0,0,0,0 -->
	<msg id='93' display='false' source='mc'>
		<type>HEARTBEAT</type>
		<severity>INFO</severity>
		<timestamp>Mon Dec 30 21:36:20 2019</timestamp>
		<arg name='tids'>12124,20936,7424,23200,13608,18280,21320</arg>
		<arg name='syscalls'>0,1,1,1,1,1,1</arg>
		<arg name='calls'>15932,0,0,0,0,0,0</arg>
	</msg>
	<!-- DIAG: 245 -->
	<!-- DIAG: 246 -->
	<!-- DIAG: 247 -->
	<!-- DIAG: 248 -->
	<!-- DIAG: 249 -->
	<!-- DIAG: 250 -->
	<!-- DIAG: 251 -->
	<!-- DIAG: 252 -->
	<!-- DIAG: 253 -->
	<!-- DIAG: 254 -->
	<!-- DIAG: 255 -->
	<!-- DIAG: 256 -->
	<!-- DIAG: 257 -->
	<!-- DIAG: 258 -->
	<!-- DIAG: 259 -->
	<!-- DIAG: 260 -->
	<!-- DIAG: 261 -->
	<!-- DIAG: 262 -->
	<!-- DIAG: 263 -->
	<!-- Heartbeat, tids = 12124,20936,7424,23200,13608,18280,21320, syscallStatus = 0,1,1,1,1,1,1, calls = 1523,0,0,0,0,0,0 -->
	<msg id='94' display='false' source='mc'>
		<type>HEARTBEAT</type>
		<severity>INFO</severity>
		<timestamp>Mon Dec 30 21:36:21 2019</timestamp>
		<arg name='tids'>12124,20936,7424,23200,13608,18280,21320</arg>
		<arg name='syscalls'>0,1,1,1,1,1,1</arg>
		<arg name='calls'>1523,0,0,0,0,0,0</arg>
	</msg>
	<!-- DIAG: 264 -->
	<!-- DIAG: 265 -->
	<!-- DIAG: 266 -->
	<!-- DIAG: 267 -->
	<!-- DIAG: 268 -->
	<!-- DIAG: 269 -->
	<!-- DIAG: 270 -->
	<!-- DIAG: 271 -->
	<!-- DIAG: 272 -->
	<!-- DIAG: 273 -->
	<!-- DIAG: 274 -->
	<!-- DIAG: 275 -->
	<!-- DIAG: 276 -->
	<!-- DIAG: 277 -->
	<!-- DIAG: 278 -->
	<!-- DIAG: 279 -->
	<!-- DIAG: 280 -->
	<!-- DIAG: 281 -->
	<!-- DIAG: 282 -->
	<!-- DIAG: 283 -->
	<!-- DIAG: 284 -->
	<!-- DIAG: 285 -->
	<!-- DIAG: 286 -->
	<!-- DIAG: 287 -->
	<!-- DIAG: 288 -->
	<!-- DIAG: 289 -->
	<!-- DIAG: 290 -->
	<!-- DIAG: 291 -->
	<!-- DIAG: 292 -->
	<!-- DIAG: 293 -->
	<!-- DIAG: 294 -->
	<!-- DIAG: 295 -->
	<!-- DIAG: 296 -->
	<!-- DIAG: 297 -->
	<!-- DIAG: 298 -->
	<!-- DIAG: 299 -->
	<!-- DIAG: 300 -->
	<!-- DIAG: 301 -->
	<!-- DIAG: 302 -->
	<!-- Heartbeat, tids = 12124,20936,7424,23200,13608,18280,21320, syscallStatus = 0,1,1,1,1,1,1, calls = 10785,0,0,0,0,0,0 -->
	<msg id='95' display='false' source='mc'>
		<type>HEARTBEAT</type>
		<severity>INFO</severity>
		<timestamp>Mon Dec 30 21:36:22 2019</timestamp>
		<arg name='tids'>12124,20936,7424,23200,13608,18280,21320</arg>
		<arg name='syscalls'>0,1,1,1,1,1,1</arg>
		<arg name='calls'>10785,0,0,0,0,0,0</arg>
	</msg>
	<!-- DIAG: 303 -->
	<!-- DIAG: 304 -->
	<!-- DIAG: 305 -->
	<!-- Heartbeat, tids = 12124,20936,7424,23200,13608,18280,21320, syscallStatus = 0,1,1,1,1,1,1, calls = 21609,0,0,0,0,0,0 -->
	<msg id='96' display='false' source='mc'>
		<type>HEARTBEAT</type>
		<severity>INFO</severity>
		<timestamp>Mon Dec 30 21:36:23 2019</timestamp>
		<arg name='tids'>12124,20936,7424,23200,13608,18280,21320</arg>
		<arg name='syscalls'>0,1,1,1,1,1,1</arg>
		<arg name='calls'>21609,0,0,0,0,0,0</arg>
	</msg>
	<!-- DIAG: 306 -->
	<!-- DIAG: 307 -->
	<!-- DIAG: 308 -->
	<!-- Heartbeat, tids = 12124,20936,7424,23200,13608,18280,21320, syscallStatus = 0,1,1,1,1,1,1, calls = 25959,0,0,0,0,0,0 -->
	<msg id='97' display='false' source='mc'>
		<type>HEARTBEAT</type>
		<severity>INFO</severity>
		<timestamp>Mon Dec 30 21:36:24 2019</timestamp>
		<arg name='tids'>12124,20936,7424,23200,13608,18280,21320</arg>
		<arg name='syscalls'>0,1,1,1,1,1,1</arg>
		<arg name='calls'>25959,0,0,0,0,0,0</arg>
	</msg>
	<!-- DIAG: 309 -->
	<!-- DIAG: 310 -->
	<!-- DIAG: 311 -->
	<!-- DIAG: 312 -->
	<!-- DIAG: 313 -->
	<!-- DIAG: 314 -->
	<!-- DIAG: 315 -->
	<!-- DIAG: 316 -->
	<!-- DIAG: 317 -->
	<!-- DIAG: 318 -->
	<!-- DIAG: 319 -->
	<!-- Heartbeat, tids = 12124,20936,7424,23200,13608,18280,21320, syscallStatus = 0,1,1,1,1,1,1, calls = 29474,0,0,0,0,0,0 -->
	<msg id='98' display='false' source='mc'>
		<type>HEARTBEAT</type>
		<severity>INFO</severity>
		<timestamp>Mon Dec 30 21:36:25 2019</timestamp>
		<arg name='tids'>12124,20936,7424,23200,13608,18280,21320</arg>
		<arg name='syscalls'>0,1,1,1,1,1,1</arg>
		<arg name='calls'>29474,0,0,0,0,0,0</arg>
	</msg>
	<!-- DIAG: 320 -->
	<!-- DIAG: 321 -->
	<!-- DIAG: 322 -->
	<!-- DIAG: 323 -->
	<!-- DIAG: 324 -->
	<!-- DIAG: 325 -->
	<!-- DIAG: 326 -->
	<!-- DIAG: 327 -->
	<!-- DIAG: 328 -->
	<!-- DIAG: 329 -->
	<!-- DIAG: 330 -->
	<!-- DIAG: 331 -->
	<!-- DIAG: 332 -->
	<!-- DIAG: 333 -->
	<!-- DIAG: 334 -->
	<!-- Heartbeat, tids = 12124,20936,7424,23200,13608,18280,21320, syscallStatus = 0,1,1,1,1,1,1, calls = 8481,0,0,0,0,0,0 -->
	<msg id='99' display='false' source='mc'>
		<type>HEARTBEAT</type>
		<severity>INFO</severity>
		<timestamp>Mon Dec 30 21:36:26 2019</timestamp>
		<arg name='tids'>12124,20936,7424,23200,13608,18280,21320</arg>
		<arg name='syscalls'>0,1,1,1,1,1,1</arg>
		<arg name='calls'>8481,0,0,0,0,0,0</arg>
	</msg>
	<!-- DIAG: 335 -->
	<!-- DIAG: 336 -->
	<!-- DIAG: 337 -->
	<!-- DIAG: 338 -->
	<!-- DIAG: 339 -->
	<!-- DIAG: 340 -->
	<!-- DIAG: 341 -->
	<!-- DIAG: 342 -->
	<!-- DIAG: 343 -->
	<!-- DIAG: 344 -->
	<!-- DIAG: 345 -->
	<!-- DIAG: 346 -->
	<!-- DIAG: 347 -->
	<!-- DIAG: 348 -->
	<!-- DIAG: 349 -->
	<!-- DIAG: 350 -->
	<!-- DIAG: 351 -->
	<!-- DIAG: 352 -->
	<!-- DIAG: 353 -->
	<!-- DIAG: 354 -->
	<!-- DIAG: 355 -->
	<!-- DIAG: 356 -->
	<!-- DIAG: 357 -->
	<!-- DIAG: 358 -->
	<!-- DIAG: 359 -->
	<!-- DIAG: 360 -->
	<!-- DIAG: 361 -->
	<!-- DIAG: 362 -->
	<!-- DIAG: 363 -->
	<!-- DIAG: 364 -->
	<!-- DIAG: 365 -->
	<!-- DIAG: 366 -->
	<!-- DIAG: 367 -->
	<!-- DIAG: 368 -->
	<!-- DIAG: 369 -->
	<!-- DIAG: 370 -->
	<!-- DIAG: 371 -->
	<!-- DIAG: 372 -->
	<!-- DIAG: 373 -->
	<!-- DIAG: 374 -->
	<!-- DIAG: 375 -->
	<!-- DIAG: 376 -->
	<!-- DIAG: 377 -->
	<!-- DIAG: 378 -->
	<!-- DIAG: 379 -->
	<!-- DIAG: 380 -->
	<!-- DIAG: 381 -->
	<!-- DIAG: 382 -->
	<!-- DIAG: 383 -->
	<!-- DIAG: 384 -->
	<!-- DIAG: 385 -->
	<!-- DIAG: 386 -->
	<!-- DIAG: 387 -->
	<!-- DIAG: 388 -->
	<!-- DIAG: 389 -->
	<!-- DIAG: 390 -->
	<!-- DIAG: 391 -->
	<!-- DIAG: 392 -->
	<!-- DIAG: 393 -->
	<!-- DIAG: 394 -->
	<!-- DIAG: 395 -->
	<!-- DIAG: 396 -->
	<!-- DIAG: 397 -->
	<!-- DIAG: 398 -->
	<!-- DIAG: 399 -->
	<!-- DIAG: 400 -->
	<!-- DIAG: 401 -->
	<!-- DIAG: 402 -->
	<!-- DIAG: 403 -->
	<!-- DIAG: 404 -->
	<!-- DIAG: 405 -->
	<!-- DIAG: 406 -->
	<!-- DIAG: 407 -->
	<!-- DIAG: 408 -->
	<!-- DIAG: 409 -->
	<!-- DIAG: 410 -->
	<!-- DIAG: 411 -->
	<!-- DIAG: 412 -->
	<!-- DIAG: 413 -->
	<!-- DIAG: 414 -->
	<!-- DIAG: 415 -->
	<!-- DIAG: 416 -->
	<!-- DIAG: 417 -->
	<!-- DIAG: 418 -->
	<!-- Heartbeat, tids = 12124,20936,7424,23200,13608,18280,21320, syscallStatus = 0,1,1,1,1,1,1, calls = 9245,0,0,0,0,0,0 -->
	<msg id='100' display='false' source='mc'>
		<type>HEARTBEAT</type>
		<severity>INFO</severity>
		<timestamp>Mon Dec 30 21:36:27 2019</timestamp>
		<arg name='tids'>12124,20936,7424,23200,13608,18280,21320</arg>
		<arg name='syscalls'>0,1,1,1,1,1,1</arg>
		<arg name='calls'>9245,0,0,0,0,0,0</arg>
	</msg>
	<!-- DIAG: 419 -->
	<!-- DIAG: 420 -->
	<!-- DIAG: 421 -->
	<!-- DIAG: 422 -->
	<!-- DIAG: 423 -->
	<!-- DIAG: 424 -->
	<!-- DIAG: 425 -->
	<!-- DIAG: 426 -->
	<!-- DIAG: 427 -->
	<!-- DIAG: 428 -->
	<!-- DIAG: 429 -->
	<!-- DIAG: 430 -->
	<!-- DIAG: 431 -->
	<!-- DIAG: 432 -->
	<!-- DIAG: 433 -->
	<!-- DIAG: 434 -->
	<!-- DIAG: 435 -->
	<!-- DIAG: 436 -->
	<!-- DIAG: 437 -->
	<!-- DIAG: 438 -->
	<!-- DIAG: 439 -->
	<!-- DIAG: 440 -->
	<!-- DIAG: 441 -->
	<!-- DIAG: 442 -->
	<!-- DIAG: 443 -->
	<!-- DIAG: 444 -->
	<!-- DIAG: 445 -->
	<!-- DIAG: 446 -->
	<!-- DIAG: 447 -->
	<!-- DIAG: 448 -->
	<!-- Heartbeat, tids = 12124,20936,7424,23200,13608,18280,21320, syscallStatus = 0,1,1,1,1,1,1, calls = 15049,0,0,0,0,0,0 -->
	<msg id='101' display='false' source='mc'>
		<type>HEARTBEAT</type>
		<severity>INFO</severity>
		<timestamp>Mon Dec 30 21:36:28 2019</timestamp>
		<arg name='tids'>12124,20936,7424,23200,13608,18280,21320</arg>
		<arg name='syscalls'>0,1,1,1,1,1,1</arg>
		<arg name='calls'>15049,0,0,0,0,0,0</arg>
	</msg>
	<!-- DIAG: 449 -->
	<!-- DIAG: 450 -->
	<!-- DIAG: 451 -->
	<!-- DIAG: 452 -->
	<!-- DIAG: 453 -->
	<!-- DIAG: 454 -->
	<!-- DIAG: 455 -->
	<!-- DIAG: 456 -->
	<!-- DIAG: 457 -->
	<!-- DIAG: 458 -->
	<!-- DIAG: 459 -->
	<!-- DIAG: 460 -->
	<!-- DIAG: 461 -->
	<!-- DIAG: 462 -->
	<!-- DIAG: 463 -->
	<!-- DIAG: 464 -->
	<!-- DIAG: 465 -->
	<!-- DIAG: 466 -->
	<!-- DIAG: 467 -->
	<!-- DIAG: 468 -->
	<!-- DIAG: 469 -->
	<!-- DIAG: 470 -->
	<!-- DIAG: 471 -->
	<!-- DIAG: 472 -->
	<!-- DIAG: 473 -->
	<!-- DIAG: 474 -->
	<!-- DIAG: 475 -->
	<!-- DIAG: 476 -->
	<!-- DIAG: 477 -->
	<!-- DIAG: 478 -->
	<!-- DIAG: 479 -->
	<!-- DIAG: 480 -->
	<!-- DIAG: 481 -->
	<!-- DIAG: 482 -->
	<!-- DIAG: 483 -->
	<!-- Heartbeat, tids = 12124,20936,7424,23200,13608,18280,21320,24268, syscallStatus = 0,1,1,1,1,1,1,1, calls = 55979,0,0,0,0,0,0,1697 -->
	<msg id='102' display='false' source='mc'>
		<type>HEARTBEAT</type>
		<severity>INFO</severity>
		<timestamp>Mon Dec 30 21:36:29 2019</timestamp>
		<arg name='tids'>12124,20936,7424,23200,13608,18280,21320,24268</arg>
		<arg name='syscalls'>0,1,1,1,1,1,1,1</arg>
		<arg name='calls'>55979,0,0,0,0,0,0,1697</arg>
	</msg>
	<!-- DIAG: 484 -->
	<!-- DIAG: 485 -->
	<!-- DIAG: 486 -->
	<!-- DIAG: 487 -->
	<!-- DIAG: 488 -->
	<!-- DIAG: 489 -->
	<!-- DIAG: 490 -->
	<!-- DIAG: 491 -->
	<!-- DIAG: 492 -->
	<!-- DIAG: 493 -->
	<!-- DIAG: 494 -->
	<!-- Heartbeat, tids = 12124,20936,7424,23200,13608,18280,21320,24268, syscallStatus = 0,1,1,1,1,1,1,1, calls = 78877,0,0,0,0,0,0,0 -->
	<msg id='103' display='false' source='mc'>
		<type>HEARTBEAT</type>
		<severity>INFO</severity>
		<timestamp>Mon Dec 30 21:36:30 2019</timestamp>
		<arg name='tids'>12124,20936,7424,23200,13608,18280,21320,24268</arg>
		<arg name='syscalls'>0,1,1,1,1,1,1,1</arg>
		<arg name='calls'>78877,0,0,0,0,0,0,0</arg>
	</msg>
	<!-- DIAG: 495 -->
	<!-- DIAG: 496 -->
	<!-- DIAG: 497 -->
	<!-- DIAG: 498 -->
	<!-- DIAG: 499 -->
	<!-- DIAG: 500 -->
	<!-- DIAG: 501 -->
	<!-- DIAG: 502 -->
	<!-- DIAG: 503 -->
	<!-- DIAG: 504 -->
	<!-- DIAG: 505 -->
	<!-- DIAG: 506 -->
	<!-- DIAG: 507 -->
	<!-- DIAG: 508 -->
	<!-- DIAG: 509 -->
	<!-- DIAG: 510 -->
	<!-- DIAG: 511 -->
	<!-- DIAG: 512 -->
	<!-- DIAG: 513 -->
	<!-- DIAG: 514 -->
	<!-- DIAG: 515 -->
	<!-- DIAG: 516 -->
	<!-- Module loaded c:\windows\syswow64\gpapi.dll, address range [0x6ce60000-0x6ce7dfff] -->
	<msg id='104' source='mc'>
		<type>MODULE_LOAD</type>
		<severity>INFO</severity>
		<timestamp>Mon Dec 30 21:36:31 2019</timestamp>
		<arg name='path'>c:\windows\syswow64\gpapi.dll</arg>
		<arg name='addr1'>0x6ce60000</arg>
		<arg name='addr2'>0x6ce7dfff</arg>
	</msg>
	<!-- DIAG: 517 -->
	<!-- DIAG: 518 -->
	<!-- DIAG: 519 -->
	<!-- DIAG: 520 -->
	<!-- DIAG: 521 -->
	<!-- Heartbeat, tids = 12124,20936,7424,23200,13608,18280,21320,24268, syscallStatus = 0,1,1,1,1,1,1,1, calls = 277703,0,0,0,0,0,12,0 -->
	<msg id='105' display='false' source='mc'>
		<type>HEARTBEAT</type>
		<severity>INFO</severity>
		<timestamp>Mon Dec 30 21:36:31 2019</timestamp>
		<arg name='tids'>12124,20936,7424,23200,13608,18280,21320,24268</arg>
		<arg name='syscalls'>0,1,1,1,1,1,1,1</arg>
		<arg name='calls'>277703,0,0,0,0,0,12,0</arg>
	</msg>
	<!-- DIAG: 522 -->
	<!-- DIAG: 523 -->
	<!-- DIAG: 524 -->
	<!-- DIAG: 525 -->
	<!-- DIAG: 526 -->
	<!-- DIAG: 527 -->
	<!-- DIAG: 528 -->
	<!-- DIAG: 529 -->
	<!-- DIAG: 530 -->
	<!-- DIAG: 531 -->
	<!-- DIAG: 532 -->
	<!-- DIAG: 533 -->
	<!-- DIAG: 534 -->
	<!-- DIAG: 535 -->
	<!-- DIAG: 536 -->
	<!-- DIAG: 537 -->
	<!-- DIAG: 538 -->
	<!-- DIAG: 539 -->
	<!-- DIAG: 540 -->
	<!-- DIAG: 541 -->
	<!-- DIAG: 542 -->
	<!-- DIAG: 543 -->
	<!-- DIAG: 544 -->
	<!-- DIAG: 545 -->
	<!-- DIAG: 546 -->
	<!-- DIAG: 547 -->
	<!-- DIAG: 548 -->
	<!-- DIAG: 549 -->
	<!-- DIAG: 550 -->
	<!-- DIAG: 551 -->
	<!-- DIAG: 552 -->
	<!-- DIAG: 553 -->
	<!-- DIAG: 554 -->
	<!-- DIAG: 555 -->
	<!-- DIAG: 556 -->
	<!-- DIAG: 557 -->
	<!-- DIAG: 558 -->
	<!-- DIAG: 559 -->
	<!-- DIAG: 560 -->
	<!-- DIAG: 561 -->
	<!-- DIAG: 562 -->
	<!-- DIAG: 563 -->
	<!-- DIAG: 564 -->
	<!-- DIAG: 565 -->
	<!-- DIAG: 566 -->
	<!-- DIAG: 567 -->
	<!-- DIAG: 568 -->
	<!-- DIAG: 569 -->
	<!-- Module loaded c:\windows\syswow64\cryptnet.dll, address range [0x6ce30000-0x6ce55fff] -->
	<msg id='106' source='mc'>
		<type>MODULE_LOAD</type>
		<severity>INFO</severity>
		<timestamp>Mon Dec 30 21:36:32 2019</timestamp>
		<arg name='path'>c:\windows\syswow64\cryptnet.dll</arg>
		<arg name='addr1'>0x6ce30000</arg>
		<arg name='addr2'>0x6ce55fff</arg>
	</msg>
	<!-- DIAG: 570 -->
	<!-- DIAG: 571 -->
	<!-- DIAG: 572 -->
	<!-- DIAG: 573 -->
	<!-- DIAG: 574 -->
	<!-- DIAG: 575 -->
	<!-- DIAG: 576 -->
	<!-- DIAG: 577 -->
	<!-- DIAG: 578 -->
	<!-- DIAG: 579 -->
	<!-- DIAG: 580 -->
	<!-- DIAG: 581 -->
	<!-- DIAG: 582 -->
	<!-- DIAG: 583 -->
	<!-- DIAG: 584 -->
	<!-- DIAG: 585 -->
	<!-- DIAG: 586 -->
	<!-- DIAG: 587 -->
	<!-- Heartbeat, tids = 12124,20936,7424,23200,13608,18280,21320,24268, syscallStatus = 0,1,1,1,1,1,1,1, calls = 60573,0,0,0,0,0,0,0 -->
	<msg id='107' display='false' source='mc'>
		<type>HEARTBEAT</type>
		<severity>INFO</severity>
		<timestamp>Mon Dec 30 21:36:32 2019</timestamp>
		<arg name='tids'>12124,20936,7424,23200,13608,18280,21320,24268</arg>
		<arg name='syscalls'>0,1,1,1,1,1,1,1</arg>
		<arg name='calls'>60573,0,0,0,0,0,0,0</arg>
	</msg>
	<!-- DIAG: 588 -->
	<!-- DIAG: 589 -->
	<!-- DIAG: 590 -->
	<!-- DIAG: 591 -->
	<!-- DIAG: 592 -->
	<!-- DIAG: 593 -->
	<!-- DIAG: 594 -->
	<!-- DIAG: 595 -->
	<!-- DIAG: 596 -->
	<!-- DIAG: 597 -->
	<!-- DIAG: 598 -->
	<!-- DIAG: 599 -->
	<!-- DIAG: 600 -->
	<!-- DIAG: 601 -->
	<!-- DIAG: 602 -->
	<!-- DIAG: 603 -->
	<!-- DIAG: 604 -->
	<!-- DIAG: 605 -->
	<!-- DIAG: 606 -->
	<!-- DIAG: 607 -->
	<!-- DIAG: 608 -->
	<!-- DIAG: 609 -->
	<!-- DIAG: 610 -->
	<!-- DIAG: 611 -->
	<!-- DIAG: 612 -->
	<!-- DIAG: 613 -->
	<!-- DIAG: 614 -->
	<!-- DIAG: 615 -->
	<!-- DIAG: 616 -->
	<!-- DIAG: 617 -->
	<!-- DIAG: 618 -->
	<!-- DIAG: 619 -->
	<!-- DIAG: 620 -->
	<!-- DIAG: 621 -->
	<!-- DIAG: 622 -->
	<!-- DIAG: 623 -->
	<!-- DIAG: 624 -->
	<!-- DIAG: 625 -->
	<!-- DIAG: 626 -->
	<!-- DIAG: 627 -->
	<!-- DIAG: 628 -->
	<!-- DIAG: 629 -->
	<!-- DIAG: 630 -->
	<!-- DIAG: 631 -->
	<!-- DIAG: 632 -->
	<!-- DIAG: 633 -->
	<!-- DIAG: 634 -->
	<!-- DIAG: 635 -->
	<!-- DIAG: 636 -->
	<!-- DIAG: 637 -->
	<!-- DIAG: 638 -->
	<!-- DIAG: 639 -->
	<!-- DIAG: 640 -->
	<!-- DIAG: 641 -->
	<!-- DIAG: 642 -->
	<!-- Heartbeat, tids = 12124,20936,7424,23200,13608,18280,21320,24268, syscallStatus = 0,1,1,1,1,1,1,1, calls = 28832,0,0,0,0,0,0,0 -->
	<msg id='108' display='false' source='mc'>
		<type>HEARTBEAT</type>
		<severity>INFO</severity>
		<timestamp>Mon Dec 30 21:36:33 2019</timestamp>
		<arg name='tids'>12124,20936,7424,23200,13608,18280,21320,24268</arg>
		<arg name='syscalls'>0,1,1,1,1,1,1,1</arg>
		<arg name='calls'>28832,0,0,0,0,0,0,0</arg>
	</msg>
	<!-- DIAG: 643 -->
	<!-- DIAG: 644 -->
	<!-- DIAG: 645 -->
	<!-- DIAG: 646 -->
	<!-- DIAG: 647 -->
	<!-- DIAG: 648 -->
	<!-- DIAG: 649 -->
	<!-- DIAG: 650 -->
	<!-- DIAG: 651 -->
	<!-- DIAG: 652 -->
	<!-- DIAG: 653 -->
	<!-- DIAG: 654 -->
	<!-- DIAG: 655 -->
	<!-- DIAG: 656 -->
	<!-- DIAG: 657 -->
	<!-- DIAG: 658 -->
	<!-- DIAG: 659 -->
	<!-- DIAG: 660 -->
	<!-- DIAG: 661 -->
	<!-- DIAG: 662 -->
	<!-- DIAG: 663 -->
	<!-- DIAG: 664 -->
	<!-- DIAG: 665 -->
	<!-- DIAG: 666 -->
	<!-- DIAG: 667 -->
	<!-- DIAG: 668 -->
	<!-- DIAG: 669 -->
	<!-- DIAG: 670 -->
	<!-- DIAG: 671 -->
	<!-- DIAG: 672 -->
	<!-- DIAG: 673 -->
	<!-- DIAG: 674 -->
	<!-- DIAG: 675 -->
	<!-- DIAG: 676 -->
	<!-- DIAG: 677 -->
	<!-- DIAG: 678 -->
	<!-- DIAG: 679 -->
	<!-- DIAG: 680 -->
	<!-- DIAG: 681 -->
	<!-- DIAG: 682 -->
	<!-- DIAG: 683 -->
	<!-- DIAG: 684 -->
	<!-- DIAG: 685 -->
	<!-- DIAG: 686 -->
	<!-- DIAG: 687 -->
	<!-- DIAG: 688 -->
	<!-- DIAG: 689 -->
	<!-- DIAG: 690 -->
	<!-- DIAG: 691 -->
	<!-- DIAG: 692 -->
	<!-- DIAG: 693 -->
	<!-- DIAG: 694 -->
	<!-- DIAG: 695 -->
	<!-- DIAG: 696 -->
	<!-- DIAG: 697 -->
	<!-- DIAG: 698 -->
	<!-- DIAG: 699 -->
	<!-- DIAG: 700 -->
	<!-- DIAG: 701 -->
	<!-- DIAG: 702 -->
	<!-- DIAG: 703 -->
	<!-- DIAG: 704 -->
	<!-- DIAG: 705 -->
	<!-- DIAG: 706 -->
	<!-- DIAG: 707 -->
	<!-- DIAG: 708 -->
	<!-- DIAG: 709 -->
	<!-- DIAG: 710 -->
	<!-- DIAG: 711 -->
	<!-- DIAG: 712 -->
	<!-- DIAG: 713 -->
	<!-- DIAG: 714 -->
	<!-- DIAG: 715 -->
	<!-- DIAG: 716 -->
	<!-- DIAG: 717 -->
	<!-- DIAG: 718 -->
	<!-- DIAG: 719 -->
	<!-- DIAG: 720 -->
	<!-- DIAG: 721 -->
	<!-- DIAG: 722 -->
	<!-- DIAG: 723 -->
	<!-- DIAG: 724 -->
	<!-- DIAG: 725 -->
	<!-- DIAG: 726 -->
	<!-- DIAG: 727 -->
	<!-- DIAG: 728 -->
	<!-- DIAG: 729 -->
	<!-- DIAG: 730 -->
	<!-- DIAG: 731 -->
	<!-- DIAG: 732 -->
	<!-- DIAG: 733 -->
	<!-- DIAG: 734 -->
	<!-- DIAG: 735 -->
	<!-- DIAG: 736 -->
	<!-- DIAG: 737 -->
	<!-- DIAG: 738 -->
	<!-- DIAG: 739 -->
	<!-- DIAG: 740 -->
	<!-- DIAG: 741 -->
	<!-- DIAG: 742 -->
	<!-- DIAG: 743 -->
	<!-- DIAG: 744 -->
	<!-- DIAG: 745 -->
	<!-- DIAG: 746 -->
	<!-- DIAG: 747 -->
	<!-- DIAG: 748 -->
	<!-- Module loaded c:\program files\nvidia corporation\ansel\tools\nvcamerawhitelisting32.dll, address range [0x7a170000-0x7a1eafff] -->
	<msg id='109' source='mc'>
		<type>MODULE_LOAD</type>
		<severity>INFO</severity>
		<timestamp>Mon Dec 30 21:36:34 2019</timestamp>
		<arg name='path'>c:\program files\nvidia corporation\ansel\tools\nvcamerawhitelisting32.dll</arg>
		<arg name='addr1'>0x7a170000</arg>
		<arg name='addr2'>0x7a1eafff</arg>
	</msg>
	<!-- Heartbeat, tids = 12124,20936,7424,23200,13608,18280,21320,24268, syscallStatus = 0,1,1,1,1,1,1,1, calls = 181690,0,0,0,0,0,0,0 -->
	<msg id='110' display='false' source='mc'>
		<type>HEARTBEAT</type>
		<severity>INFO</severity>
		<timestamp>Mon Dec 30 21:36:34 2019</timestamp>
		<arg name='tids'>12124,20936,7424,23200,13608,18280,21320,24268</arg>
		<arg name='syscalls'>0,1,1,1,1,1,1,1</arg>
		<arg name='calls'>181690,0,0,0,0,0,0,0</arg>
	</msg>
	<!-- DIAG: 749 -->
	<!-- DIAG: 750 -->
	<!-- DIAG: 751 -->
	<!-- DIAG: 752 -->
	<!-- DIAG: 753 -->
	<!-- DIAG: 754 -->
	<!-- DIAG: 755 -->
	<!-- DIAG: 756 -->
	<!-- DIAG: 757 -->
	<!-- DIAG: 758 -->
	<!-- DIAG: 759 -->
	<!-- DIAG: 760 -->
	<!-- DIAG: 761 -->
	<!-- DIAG: 762 -->
	<!-- DIAG: 763 -->
	<!-- DIAG: 764 -->
	<!-- DIAG: 765 -->
	<!-- DIAG: 766 -->
	<!-- DIAG: 767 -->
	<!-- DIAG: 768 -->
	<!-- DIAG: 769 -->
	<!-- DIAG: 770 -->
	<!-- DIAG: 771 -->
	<!-- DIAG: 772 -->
	<!-- DIAG: 773 -->
	<!-- DIAG: 774 -->
	<!-- DIAG: 775 -->
	<!-- DIAG: 776 -->
	<!-- DIAG: 777 -->
	<!-- DIAG: 778 -->
	<!-- DIAG: 779 -->
	<!-- DIAG: 780 -->
	<!-- DIAG: 781 -->
	<!-- DIAG: 782 -->
	<!-- DIAG: 783 -->
	<!-- DIAG: 784 -->
	<!-- DIAG: 785 -->
	<!-- DIAG: 786 -->
	<!-- DIAG: 787 -->
	<!-- DIAG: 788 -->
	<!-- DIAG: 789 -->
	<!-- DIAG: 790 -->
	<!-- DIAG: 791 -->
	<!-- DIAG: 792 -->
	<!-- DIAG: 793 -->
	<!-- DIAG: 794 -->
	<!-- DIAG: 795 -->
	<!-- DIAG: 796 -->
	<!-- DIAG: 797 -->
	<!-- DIAG: 798 -->
	<!-- DIAG: 799 -->
	<!-- DIAG: 800 -->
	<!-- DIAG: 801 -->
	<!-- DIAG: 802 -->
	<!-- DIAG: 803 -->
	<!-- DIAG: 804 -->
	<!-- DIAG: 805 -->
	<!-- DIAG: 806 -->
	<!-- DIAG: 807 -->
	<!-- DIAG: 808 -->
	<!-- DIAG: 809 -->
	<!-- DIAG: 810 -->
	<!-- DIAG: 811 -->
	<!-- DIAG: 812 -->
	<!-- DIAG: 813 -->
	<!-- DIAG: 814 -->
	<!-- DIAG: 815 -->
	<!-- DIAG: 816 -->
	<!-- DIAG: 817 -->
	<!-- DIAG: 818 -->
	<!-- DIAG: 819 -->
	<!-- DIAG: 820 -->
	<!-- DIAG: 821 -->
	<!-- DIAG: 822 -->
	<!-- DIAG: 823 -->
	<!-- DIAG: 824 -->
	<!-- DIAG: 825 -->
	<!-- DIAG: 826 -->
	<!-- DIAG: 827 -->
	<!-- DIAG: 828 -->
	<!-- DIAG: 829 -->
	<!-- DIAG: 830 -->
	<!-- DIAG: 831 -->
	<!-- DIAG: 832 -->
	<!-- DIAG: 833 -->
	<!-- DIAG: 834 -->
	<!-- DIAG: 835 -->
	<!-- DIAG: 836 -->
	<!-- DIAG: 837 -->
	<!-- DIAG: 838 -->
	<!-- DIAG: 839 -->
	<!-- DIAG: 840 -->
	<!-- DIAG: 841 -->
	<!-- DIAG: 842 -->
	<!-- DIAG: 843 -->
	<!-- DIAG: 844 -->
	<!-- Heartbeat, tids = 12124,20936,7424,23200,13608,18280,21320,24268, syscallStatus = 0,1,1,1,1,1,1,1, calls = 16930,0,0,0,0,0,0,0 -->
	<msg id='111' display='false' source='mc'>
		<type>HEARTBEAT</type>
		<severity>INFO</severity>
		<timestamp>Mon Dec 30 21:36:35 2019</timestamp>
		<arg name='tids'>12124,20936,7424,23200,13608,18280,21320,24268</arg>
		<arg name='syscalls'>0,1,1,1,1,1,1,1</arg>
		<arg name='calls'>16930,0,0,0,0,0,0,0</arg>
	</msg>
	<!-- DIAG: 845 -->
	<!-- DIAG: 846 -->
	<!-- DIAG: 847 -->
	<!-- DIAG: 848 -->
	<!-- DIAG: 849 -->
	<!-- DIAG: 850 -->
	<!-- DIAG: 851 -->
	<!-- DIAG: 852 -->
	<!-- DIAG: 853 -->
	<!-- DIAG: 854 -->
	<!-- DIAG: 855 -->
	<!-- DIAG: 856 -->
	<!-- DIAG: 857 -->
	<!-- DIAG: 858 -->
	<!-- DIAG: 859 -->
	<!-- DIAG: 860 -->
	<!-- DIAG: 861 -->
	<!-- DIAG: 862 -->
	<!-- DIAG: 863 -->
	<!-- DIAG: 864 -->
	<!-- DIAG: 865 -->
	<!-- DIAG: 866 -->
	<!-- DIAG: 867 -->
	<!-- DIAG: 868 -->
	<!-- DIAG: 869 -->
	<!-- DIAG: 870 -->
	<!-- DIAG: 871 -->
	<!-- DIAG: 872 -->
	<!-- DIAG: 873 -->
	<!-- DIAG: 874 -->
	<!-- DIAG: 875 -->
	<!-- DIAG: 876 -->
	<!-- DIAG: 877 -->
	<!-- DIAG: 878 -->
	<!-- DIAG: 879 -->
	<!-- DIAG: 880 -->
	<!-- DIAG: 881 -->
	<!-- DIAG: 882 -->
	<!-- DIAG: 883 -->
	<!-- DIAG: 884 -->
	<!-- DIAG: 885 -->
	<!-- DIAG: 886 -->
	<!-- DIAG: 887 -->
	<!-- DIAG: 888 -->
	<!-- DIAG: 889 -->
	<!-- DIAG: 890 -->
	<!-- DIAG: 891 -->
	<!-- DIAG: 892 -->
	<!-- DIAG: 893 -->
	<!-- DIAG: 894 -->
	<!-- DIAG: 895 -->
	<!-- DIAG: 896 -->
	<!-- DIAG: 897 -->
	<!-- DIAG: 898 -->
	<!-- DIAG: 899 -->
	<!-- DIAG: 900 -->
	<!-- DIAG: 901 -->
	<!-- DIAG: 902 -->
	<!-- DIAG: 903 -->
	<!-- DIAG: 904 -->
	<!-- DIAG: 905 -->
	<!-- DIAG: 906 -->
	<!-- DIAG: 907 -->
	<!-- DIAG: 908 -->
	<!-- DIAG: 909 -->
	<!-- DIAG: 910 -->
	<!-- DIAG: 911 -->
	<!-- DIAG: 912 -->
	<!-- DIAG: 913 -->
	<!-- DIAG: 914 -->
	<!-- DIAG: 915 -->
	<!-- DIAG: 916 -->
	<!-- DIAG: 917 -->
	<!-- DIAG: 918 -->
	<!-- DIAG: 919 -->
	<!-- DIAG: 920 -->
	<!-- DIAG: 921 -->
	<!-- DIAG: 922 -->
	<!-- DIAG: 923 -->
	<!-- DIAG: 924 -->
	<!-- DIAG: 925 -->
	<!-- DIAG: 926 -->
	<!-- DIAG: 927 -->
	<!-- DIAG: 928 -->
	<!-- DIAG: 929 -->
	<!-- DIAG: 930 -->
	<!-- DIAG: 931 -->
	<!-- DIAG: 932 -->
	<!-- DIAG: 933 -->
	<!-- DIAG: 934 -->
	<!-- DIAG: 935 -->
	<!-- DIAG: 936 -->
	<!-- DIAG: 937 -->
	<!-- DIAG: 938 -->
	<!-- DIAG: 939 -->
	<!-- DIAG: 940 -->
	<!-- DIAG: 941 -->
	<!-- DIAG: 942 -->
	<!-- DIAG: 943 -->
	<!-- DIAG: 944 -->
	<!-- DIAG: 945 -->
	<!-- DIAG: 946 -->
	<!-- DIAG: 947 -->
	<!-- DIAG: 948 -->
	<!-- DIAG: 949 -->
	<!-- DIAG: 950 -->
	<!-- DIAG: 951 -->
	<!-- DIAG: 952 -->
	<!-- DIAG: 953 -->
	<!-- Module unloaded C:\Program Files\NVIDIA Corporation\Ansel\Tools\NvCameraWhitelisting32.dll -->
	<msg id='112' source='mc'>
		<type>MODULE_UNLOAD</type>
		<severity>INFO</severity>
		<timestamp>Mon Dec 30 21:36:35 2019</timestamp>
		<arg name='path'>C:\Program Files\NVIDIA Corporation\Ansel\Tools\NvCameraWhitelisting32.dll</arg>
	</msg>
	<!-- DIAG: 954 -->
	<!-- DIAG: 955 -->
	<!-- DIAG: 956 -->
	<!-- DIAG: 957 -->
	<!-- DIAG: 958 -->
	<!-- DIAG: 959 -->
	<!-- DIAG: 960 -->
	<!-- DIAG: 961 -->
	<!-- DIAG: 962 -->
	<!-- Heartbeat, tids = 12124,20936,7424,23200,13608,18280,21320,24268,2792, syscallStatus = 0,1,1,1,1,1,1,1,1, calls = 7294,0,0,0,0,0,0,0,1834 -->
	<msg id='113' display='false' source='mc'>
		<type>HEARTBEAT</type>
		<severity>INFO</severity>
		<timestamp>Mon Dec 30 21:36:36 2019</timestamp>
		<arg name='tids'>12124,20936,7424,23200,13608,18280,21320,24268,2792</arg>
		<arg name='syscalls'>0,1,1,1,1,1,1,1,1</arg>
		<arg name='calls'>7294,0,0,0,0,0,0,0,1834</arg>
	</msg>
	<!-- DIAG: 963 -->
	<!-- DIAG: 964 -->
	<!-- DIAG: 965 -->
	<!-- DIAG: 966 -->
	<!-- DIAG: 967 -->
	<!-- DIAG: 968 -->
	<!-- DIAG: 969 -->
	<!-- DIAG: 970 -->
	<!-- DIAG: 971 -->
	<!-- DIAG: 972 -->
	<!-- Heartbeat, tids = 12124,20936,7424,23200,13608,18280,21320,24268,2792, syscallStatus = 0,1,1,1,1,1,1,1,1, calls = 10951,0,0,0,0,0,0,0,1804 -->
	<msg id='114' display='false' source='mc'>
		<type>HEARTBEAT</type>
		<severity>INFO</severity>
		<timestamp>Mon Dec 30 21:36:37 2019</timestamp>
		<arg name='tids'>12124,20936,7424,23200,13608,18280,21320,24268,2792</arg>
		<arg name='syscalls'>0,1,1,1,1,1,1,1,1</arg>
		<arg name='calls'>10951,0,0,0,0,0,0,0,1804</arg>
	</msg>
	<!-- DIAG: 973 -->
	<!-- DIAG: 974 -->
	<!-- DIAG: 975 -->
	<!-- DIAG: 976 -->
	<!-- DIAG: 977 -->
	<!-- DIAG: 978 -->
	<!-- DIAG: 979 -->
	<!-- DIAG: 980 -->
	<!-- DIAG: 981 -->
	<!-- DIAG: 982 -->
	<!-- DIAG: 983 -->
	<!-- DIAG: 984 -->
	<!-- DIAG: 985 -->
	<!-- DIAG: 986 -->
	<!-- DIAG: 987 -->
	<!-- DIAG: 988 -->
	<!-- DIAG: 989 -->
	<!-- Heartbeat, tids = 12124,20936,7424,23200,13608,18280,21320,24268,2792, syscallStatus = 0,1,1,1,1,1,1,1,1, calls = 561769,0,0,0,0,0,0,0,2767 -->
	<msg id='115' display='false' source='mc'>
		<type>HEARTBEAT</type>
		<severity>INFO</severity>
		<timestamp>Mon Dec 30 21:36:38 2019</timestamp>
		<arg name='tids'>12124,20936,7424,23200,13608,18280,21320,24268,2792</arg>
		<arg name='syscalls'>0,1,1,1,1,1,1,1,1</arg>
		<arg name='calls'>561769,0,0,0,0,0,0,0,2767</arg>
	</msg>
	<!-- Heartbeat, tids = 12124,20936,7424,23200,13608,18280,21320,24268,2792, syscallStatus = 0,1,1,1,1,1,1,1,1, calls = 3153828,0,0,0,0,0,0,0,0 -->
	<msg id='116' display='false' source='mc'>
		<type>HEARTBEAT</type>
		<severity>INFO</severity>
		<timestamp>Mon Dec 30 21:36:39 2019</timestamp>
		<arg name='tids'>12124,20936,7424,23200,13608,18280,21320,24268,2792</arg>
		<arg name='syscalls'>0,1,1,1,1,1,1,1,1</arg>
		<arg name='calls'>3153828,0,0,0,0,0,0,0,0</arg>
	</msg>
	<!-- DIAG: 990 -->
	<!-- Heartbeat, tids = 12124,20936,7424,23200,13608,18280,21320,24268,2792, syscallStatus = 1,1,1,1,1,1,1,1,0, calls = 981090,0,0,0,0,0,0,0,562 -->
	<msg id='117' display='false' source='mc'>
		<type>HEARTBEAT</type>
		<severity>INFO</severity>
		<timestamp>Mon Dec 30 21:36:40 2019</timestamp>
		<arg name='tids'>12124,20936,7424,23200,13608,18280,21320,24268,2792</arg>
		<arg name='syscalls'>1,1,1,1,1,1,1,1,0</arg>
		<arg name='calls'>981090,0,0,0,0,0,0,0,562</arg>
	</msg>
	<!-- DIAG: 991 -->
	<!-- DIAG: 992 -->
	<!-- DIAG: 993 -->
	<!-- DIAG: 994 -->
	<!-- Heartbeat, tids = 12124,20936,7424,23200,13608,18280,21320,24268,2792, syscallStatus = 1,1,1,1,1,1,1,1,0, calls = 693,0,0,0,0,0,0,0,17901 -->
	<msg id='118' display='false' source='mc'>
		<type>HEARTBEAT</type>
		<severity>INFO</severity>
		<timestamp>Mon Dec 30 21:36:41 2019</timestamp>
		<arg name='tids'>12124,20936,7424,23200,13608,18280,21320,24268,2792</arg>
		<arg name='syscalls'>1,1,1,1,1,1,1,1,0</arg>
		<arg name='calls'>693,0,0,0,0,0,0,0,17901</arg>
	</msg>
	<!-- DIAG: 995 -->
	<!-- DIAG: 996 -->
	<!-- DIAG: 997 -->
	<!-- DIAG: 998 -->
	<!-- DIAG: 999 -->
	<!-- DIAG: 1000 -->
	<!-- DIAG: 1001 -->
	<!-- DIAG: 1002 -->
	<!-- DIAG: 1003 -->
	<!-- DIAG: 1004 -->
	<!-- DIAG: 1005 -->
	<!-- DIAG: 1006 -->
	<!-- DIAG: 1007 -->
	<!-- DIAG: 1008 -->
	<!-- DIAG: 1009 -->
	<!-- DIAG: 1010 -->
	<!-- DIAG: 1011 -->
	<!-- DIAG: 1012 -->
	<!-- DIAG: 1013 -->
	<!-- DIAG: 1014 -->
	<!-- DIAG: 1015 -->
	<!-- DIAG: 1016 -->
	<!-- DIAG: 1017 -->
	<!-- DIAG: 1018 -->
	<!-- DIAG: 1019 -->
	<!-- DIAG: 1020 -->
	<!-- DIAG: 1021 -->
	<!-- DIAG: 1022 -->
	<!-- DIAG: 1023 -->
	<!-- DIAG: 1024 -->
	<!-- DIAG: 1025 -->
	<!-- DIAG: 1026 -->
	<!-- DIAG: 1027 -->
	<!-- DIAG: 1028 -->
	<!-- DIAG: 1029 -->
	<!-- DIAG: 1030 -->
	<!-- DIAG: 1031 -->
	<!-- DIAG: 1032 -->
	<!-- DIAG: 1033 -->
	<!-- DIAG: 1034 -->
	<!-- DIAG: 1035 -->
	<!-- DIAG: 1036 -->
	<!-- DIAG: 1037 -->
	<!-- DIAG: 1038 -->
	<!-- DIAG: 1039 -->
	<!-- DIAG: 1040 -->
	<!-- DIAG: 1041 -->
	<!-- DIAG: 1042 -->
	<!-- DIAG: 1043 -->
	<!-- DIAG: 1044 -->
	<!-- DIAG: 1045 -->
	<!-- DIAG: 1046 -->
	<!-- DIAG: 1047 -->
	<!-- DIAG: 1048 -->
	<!-- DIAG: 1049 -->
	<!-- DIAG: 1050 -->
	<!-- DIAG: 1051 -->
	<!-- DIAG: 1052 -->
	<!-- DIAG: 1053 -->
	<!-- DIAG: 1054 -->
	<!-- DIAG: 1055 -->
	<!-- DIAG: 1056 -->
	<!-- DIAG: 1057 -->
	<!-- DIAG: 1058 -->
	<!-- DIAG: 1059 -->
	<!-- DIAG: 1060 -->
	<!-- DIAG: 1061 -->
	<!-- DIAG: 1062 -->
	<!-- DIAG: 1063 -->
	<!-- DIAG: 1064 -->
	<!-- DIAG: 1065 -->
	<!-- DIAG: 1066 -->
	<!-- DIAG: 1067 -->
	<!-- DIAG: 1068 -->
	<!-- DIAG: 1069 -->
	<!-- DIAG: 1070 -->
	<!-- DIAG: 1071 -->
	<!-- DIAG: 1072 -->
	<!-- DIAG: 1073 -->
	<!-- DIAG: 1074 -->
	<!-- DIAG: 1075 -->
	<!-- DIAG: 1076 -->
	<!-- DIAG: 1077 -->
	<!-- DIAG: 1078 -->
	<!-- DIAG: 1079 -->
	<!-- DIAG: 1080 -->
	<!-- DIAG: 1081 -->
	<!-- DIAG: 1082 -->
	<!-- DIAG: 1083 -->
	<!-- DIAG: 1084 -->
	<!-- DIAG: 1085 -->
	<!-- DIAG: 1086 -->
	<!-- DIAG: 1087 -->
	<!-- DIAG: 1088 -->
	<!-- DIAG: 1089 -->
	<!-- DIAG: 1090 -->
	<!-- DIAG: 1091 -->
	<!-- DIAG: 1092 -->
	<!-- DIAG: 1093 -->
	<!-- DIAG: 1094 -->
	<!-- DIAG: 1095 -->
	<!-- DIAG: 1096 -->
	<!-- DIAG: 1097 -->
	<!-- DIAG: 1098 -->
	<!-- DIAG: 1099 -->
	<!-- DIAG: 1100 -->
	<!-- DIAG: 1101 -->
	<!-- DIAG: 1102 -->
	<!-- DIAG: 1103 -->
	<!-- DIAG: 1104 -->
	<!-- DIAG: 1105 -->
	<!-- DIAG: 1106 -->
	<!-- DIAG: 1107 -->
	<!-- DIAG: 1108 -->
	<!-- DIAG: 1109 -->
	<!-- DIAG: 1110 -->
	<!-- DIAG: 1111 -->
	<!-- DIAG: 1112 -->
	<!-- DIAG: 1113 -->
	<!-- DIAG: 1114 -->
	<!-- DIAG: 1115 -->
	<!-- DIAG: 1116 -->
	<!-- DIAG: 1117 -->
	<!-- DIAG: 1118 -->
	<!-- DIAG: 1119 -->
	<!-- DIAG: 1120 -->
	<!-- DIAG: 1121 -->
	<!-- DIAG: 1122 -->
	<!-- DIAG: 1123 -->
	<!-- DIAG: 1124 -->
	<!-- DIAG: 1125 -->
	<!-- DIAG: 1126 -->
	<!-- DIAG: 1127 -->
	<!-- DIAG: 1128 -->
	<!-- DIAG: 1129 -->
	<!-- DIAG: 1130 -->
	<!-- DIAG: 1131 -->
	<!-- DIAG: 1132 -->
	<!-- DIAG: 1133 -->
	<!-- DIAG: 1134 -->
	<!-- DIAG: 1135 -->
	<!-- DIAG: 1136 -->
	<!-- DIAG: 1137 -->
	<!-- DIAG: 1138 -->
	<!-- DIAG: 1139 -->
	<!-- DIAG: 1140 -->
	<!-- DIAG: 1141 -->
	<!-- DIAG: 1142 -->
	<!-- DIAG: 1143 -->
	<!-- Heartbeat, tids = 12124,20936,7424,23200,13608,18280,21320,24268,2792, syscallStatus = 1,1,1,1,1,1,1,1,0, calls = 12,0,0,0,0,0,0,0,19647 -->
	<msg id='119' display='false' source='mc'>
		<type>HEARTBEAT</type>
		<severity>INFO</severity>
		<timestamp>Mon Dec 30 21:36:42 2019</timestamp>
		<arg name='tids'>12124,20936,7424,23200,13608,18280,21320,24268,2792</arg>
		<arg name='syscalls'>1,1,1,1,1,1,1,1,0</arg>
		<arg name='calls'>12,0,0,0,0,0,0,0,19647</arg>
	</msg>
	<!-- DIAG: 1144 -->
	<!-- DIAG: 1145 -->
	<!-- DIAG: 1146 -->
	<!-- DIAG: 1147 -->
	<!-- DIAG: 1148 -->
	<!-- DIAG: 1149 -->
	<!-- DIAG: 1150 -->
	<!-- DIAG: 1151 -->
	<!-- DIAG: 1152 -->
	<!-- DIAG: 1153 -->
	<!-- DIAG: 1154 -->
	<!-- DIAG: 1155 -->
	<!-- DIAG: 1156 -->
	<!-- DIAG: 1157 -->
	<!-- DIAG: 1158 -->
	<!-- DIAG: 1159 -->
	<!-- DIAG: 1160 -->
	<!-- DIAG: 1161 -->
	<!-- DIAG: 1162 -->
	<!-- DIAG: 1163 -->
	<!-- DIAG: 1164 -->
	<!-- DIAG: 1165 -->
	<!-- DIAG: 1166 -->
	<!-- DIAG: 1167 -->
	<!-- Heartbeat, tids = 12124,20936,7424,23200,13608,18280,21320,24268,2792, syscallStatus = 1,1,1,1,1,1,1,1,0, calls = 9026,0,0,0,0,0,0,0,55013 -->
	<msg id='120' display='false' source='mc'>
		<type>HEARTBEAT</type>
		<severity>INFO</severity>
		<timestamp>Mon Dec 30 21:36:43 2019</timestamp>
		<arg name='tids'>12124,20936,7424,23200,13608,18280,21320,24268,2792</arg>
		<arg name='syscalls'>1,1,1,1,1,1,1,1,0</arg>
		<arg name='calls'>9026,0,0,0,0,0,0,0,55013</arg>
	</msg>
	<!-- DIAG: 1168 -->
	<!-- DIAG: 1169 -->
	<!-- DIAG: 1170 -->
	<!-- DIAG: 1171 -->
	<!-- DIAG: 1172 -->
	<!-- DIAG: 1173 -->
	<!-- DIAG: 1174 -->
	<!-- DIAG: 1175 -->
	<!-- DIAG: 1176 -->
	<!-- DIAG: 1177 -->
	<!-- DIAG: 1178 -->
	<!-- DIAG: 1179 -->
	<!-- DIAG: 1180 -->
	<!-- DIAG: 1181 -->
	<!-- DIAG: 1182 -->
	<!-- DIAG: 1183 -->
	<!-- DIAG: 1184 -->
	<!-- DIAG: 1185 -->
	<!-- DIAG: 1186 -->
	<!-- DIAG: 1187 -->
	<!-- Heartbeat, tids = 12124,20936,7424,23200,13608,18280,21320,24268,2792,4412,24388,22760, syscallStatus = 1,1,1,1,1,1,1,1,0,1,1,0, calls = 138,0,0,0,0,0,0,0,65635,2003,1753,1093 -->
	<msg id='121' display='false' source='mc'>
		<type>HEARTBEAT</type>
		<severity>INFO</severity>
		<timestamp>Mon Dec 30 21:36:44 2019</timestamp>
		<arg name='tids'>12124,20936,7424,23200,13608,18280,21320,24268,2792,4412,24388,22760</arg>
		<arg name='syscalls'>1,1,1,1,1,1,1,1,0,1,1,0</arg>
		<arg name='calls'>138,0,0,0,0,0,0,0,65635,2003,1753,1093</arg>
	</msg>
	<!-- DIAG: 1188 -->
	<!-- DIAG: 1189 -->
	<!-- DIAG: 1190 -->
	<!-- DIAG: 1191 -->
	<!-- DIAG: 1192 -->
	<!-- DIAG: 1193 -->
	<!-- DIAG: 1194 -->
	<!-- DIAG: 1195 -->
	<!-- Module loaded c:\windows\syswow64\textinputframework.dll, address range [0x60d60000-0x60de3fff], minimal analysis -->
	<msg id='122' source='mc'>
		<type>MODULE_LOAD_NO_ANALYSIS</type>
		<severity>INFO</severity>
		<timestamp>Mon Dec 30 21:36:44 2019</timestamp>
		<arg name='path'>c:\windows\syswow64\textinputframework.dll</arg>
		<arg name='addr1'>0x60d60000</arg>
		<arg name='addr2'>0x60de3fff</arg>
	</msg>
	<!-- Module loaded c:\windows\syswow64\coreuicomponents.dll, address range [0x69da0000-0x69ffdfff], minimal analysis -->
	<msg id='123' source='mc'>
		<type>MODULE_LOAD_NO_ANALYSIS</type>
		<severity>INFO</severity>
		<timestamp>Mon Dec 30 21:36:44 2019</timestamp>
		<arg name='path'>c:\windows\syswow64\coreuicomponents.dll</arg>
		<arg name='addr1'>0x69da0000</arg>
		<arg name='addr2'>0x69ffdfff</arg>
	</msg>
	<!-- Module loaded c:\windows\syswow64\coremessaging.dll, address range [0x6a920000-0x6a9a8fff], minimal analysis -->
	<msg id='124' source='mc'>
		<type>MODULE_LOAD_NO_ANALYSIS</type>
		<severity>INFO</severity>
		<timestamp>Mon Dec 30 21:36:44 2019</timestamp>
		<arg name='path'>c:\windows\syswow64\coremessaging.dll</arg>
		<arg name='addr1'>0x6a920000</arg>
		<arg name='addr2'>0x6a9a8fff</arg>
	</msg>
	<!-- Module loaded c:\windows\syswow64\wintypes.dll, address range [0x6a000000-0x6a0d9fff] -->
	<msg id='125' source='mc'>
		<type>MODULE_LOAD</type>
		<severity>INFO</severity>
		<timestamp>Mon Dec 30 21:36:44 2019</timestamp>
		<arg name='path'>c:\windows\syswow64\wintypes.dll</arg>
		<arg name='addr1'>0x6a000000</arg>
		<arg name='addr2'>0x6a0d9fff</arg>
	</msg>
	<!-- Heartbeat, tids = 12124,20936,7424,23200,13608,18280,21320,24268,2792,4412,24388,22760, syscallStatus = 0,1,1,1,1,1,1,1,1,1,1,1, calls = 26480,0,0,0,0,0,0,0,577,0,0,581 -->
	<msg id='126' display='false' source='mc'>
		<type>HEARTBEAT</type>
		<severity>INFO</severity>
		<timestamp>Mon Dec 30 21:36:45 2019</timestamp>
		<arg name='tids'>12124,20936,7424,23200,13608,18280,21320,24268,2792,4412,24388,22760</arg>
		<arg name='syscalls'>0,1,1,1,1,1,1,1,1,1,1,1</arg>
		<arg name='calls'>26480,0,0,0,0,0,0,0,577,0,0,581</arg>
	</msg>
	<!-- Heartbeat, tids = 12124,20936,7424,23200,13608,18280,21320,24268,2792,4412,24388,22760, syscallStatus = 0,1,1,1,1,1,1,1,1,1,1,1, calls = 12031,0,0,0,0,0,24,0,0,0,0,0 -->
	<msg id='127' display='false' source='mc'>
		<type>HEARTBEAT</type>
		<severity>INFO</severity>
		<timestamp>Mon Dec 30 21:36:46 2019</timestamp>
		<arg name='tids'>12124,20936,7424,23200,13608,18280,21320,24268,2792,4412,24388,22760</arg>
		<arg name='syscalls'>0,1,1,1,1,1,1,1,1,1,1,1</arg>
		<arg name='calls'>12031,0,0,0,0,0,24,0,0,0,0,0</arg>
	</msg>
	<!-- Module loaded c:\windows\syswow64\iertutil.dll, address range [0x70500000-0x70728fff] -->
	<msg id='128' source='mc'>
		<type>MODULE_LOAD</type>
		<severity>INFO</severity>
		<timestamp>Mon Dec 30 21:36:46 2019</timestamp>
		<arg name='path'>c:\windows\syswow64\iertutil.dll</arg>
		<arg name='addr1'>0x70500000</arg>
		<arg name='addr2'>0x70728fff</arg>
	</msg>
	<!-- Heartbeat, tids = 12124,20936,7424,23200,13608,18280,21320,24268,2792,4412,24388,22760, syscallStatus = 0,1,1,1,1,1,1,1,1,1,1,1, calls = 58404,0,0,0,0,0,0,0,0,0,0,0 -->
	<msg id='129' display='false' source='mc'>
		<type>HEARTBEAT</type>
		<severity>INFO</severity>
		<timestamp>Mon Dec 30 21:36:47 2019</timestamp>
		<arg name='tids'>12124,20936,7424,23200,13608,18280,21320,24268,2792,4412,24388,22760</arg>
		<arg name='syscalls'>0,1,1,1,1,1,1,1,1,1,1,1</arg>
		<arg name='calls'>58404,0,0,0,0,0,0,0,0,0,0,0</arg>
	</msg>
	<!-- Heartbeat, tids = 12124,20936,7424,23200,13608,18280,21320,24268,2792,4412,24388,22760, syscallStatus = 0,1,1,1,1,1,1,1,1,1,1,1, calls = 949692,0,0,0,0,0,0,0,24601,0,0,0 -->
	<msg id='130' display='false' source='mc'>
		<type>HEARTBEAT</type>
		<severity>INFO</severity>
		<timestamp>Mon Dec 30 21:36:48 2019</timestamp>
		<arg name='tids'>12124,20936,7424,23200,13608,18280,21320,24268,2792,4412,24388,22760</arg>
		<arg name='syscalls'>0,1,1,1,1,1,1,1,1,1,1,1</arg>
		<arg name='calls'>949692,0,0,0,0,0,0,0,24601,0,0,0</arg>
	</msg>
	<!-- Heartbeat, tids = 12124,20936,7424,23200,13608,18280,21320,24268,2792,4412,24388,22760, syscallStatus = 0,1,1,1,1,1,1,1,1,1,1,1, calls = 1397257,0,0,0,0,0,0,0,24643,0,0,0 -->
	<msg id='131' display='false' source='mc'>
		<type>HEARTBEAT</type>
		<severity>INFO</severity>
		<timestamp>Mon Dec 30 21:36:49 2019</timestamp>
		<arg name='tids'>12124,20936,7424,23200,13608,18280,21320,24268,2792,4412,24388,22760</arg>
		<arg name='syscalls'>0,1,1,1,1,1,1,1,1,1,1,1</arg>
		<arg name='calls'>1397257,0,0,0,0,0,0,0,24643,0,0,0</arg>
	</msg>
	<!-- DIAG: 1196 -->
	<!-- DIAG: 1197 -->
	<!-- DIAG: 1198 -->
	<!-- DIAG: 1199 -->
	<!-- DIAG: 1200 -->
	<!-- DIAG: 1201 -->
	<!-- DIAG: 1202 -->
	<!-- DIAG: 1203 -->
	<!-- DIAG: 1204 -->
	<!-- DIAG: 1205 -->
	<!-- DIAG: 1206 -->
	<!-- DIAG: 1207 -->
	<!-- DIAG: 1208 -->
	<!-- DIAG: 1209 -->
	<!-- DIAG: 1210 -->
	<!-- DIAG: 1211 -->
	<!-- DIAG: 1212 -->
	<!-- DIAG: 1213 -->
	<!-- DIAG: 1214 -->
	<!-- DIAG: 1215 -->
	<!-- DIAG: 1216 -->
	<!-- DIAG: 1217 -->
	<!-- DIAG: 1218 -->
	<!-- DIAG: 1219 -->
	<!-- DIAG: 1220 -->
	<!-- DIAG: 1221 -->
	<!-- DIAG: 1222 -->
	<!-- DIAG: 1223 -->
	<!-- DIAG: 1224 -->
	<!-- DIAG: 1225 -->
	<!-- DIAG: 1226 -->
	<!-- DIAG: 1227 -->
	<!-- DIAG: 1228 -->
	<!-- DIAG: 1229 -->
	<!-- DIAG: 1230 -->
	<!-- DIAG: 1231 -->
	<!-- DIAG: 1232 -->
	<!-- DIAG: 1233 -->
	<!-- DIAG: 1234 -->
	<!-- DIAG: 1235 -->
	<!-- DIAG: 1236 -->
	<!-- DIAG: 1237 -->
	<!-- DIAG: 1238 -->
	<!-- DIAG: 1239 -->
	<!-- DIAG: 1240 -->
	<!-- DIAG: 1241 -->
	<!-- DIAG: 1242 -->
	<!-- DIAG: 1243 -->
	<!-- DIAG: 1244 -->
	<!-- DIAG: 1245 -->
	<!-- DIAG: 1246 -->
	<!-- DIAG: 1247 -->
	<!-- DIAG: 1248 -->
	<!-- DIAG: 1249 -->
	<!-- DIAG: 1250 -->
	<!-- DIAG: 1251 -->
	<!-- DIAG: 1252 -->
	<!-- DIAG: 1253 -->
	<!-- DIAG: 1254 -->
	<!-- DIAG: 1255 -->
	<!-- DIAG: 1256 -->
	<!-- DIAG: 1257 -->
	<!-- DIAG: 1258 -->
	<!-- DIAG: 1259 -->
	<!-- DIAG: 1260 -->
	<!-- DIAG: 1261 -->
	<!-- DIAG: 1262 -->
	<!-- DIAG: 1263 -->
	<!-- DIAG: 1264 -->
	<!-- DIAG: 1265 -->
	<!-- DIAG: 1266 -->
	<!-- DIAG: 1267 -->
	<!-- DIAG: 1268 -->
	<!-- DIAG: 1269 -->
	<!-- DIAG: 1270 -->
	<!-- DIAG: 1271 -->
	<!-- DIAG: 1272 -->
	<!-- DIAG: 1273 -->
	<!-- DIAG: 1274 -->
	<!-- DIAG: 1275 -->
	<!-- DIAG: 1276 -->
	<!-- DIAG: 1277 -->
	<!-- DIAG: 1278 -->
	<!-- DIAG: 1279 -->
	<!-- DIAG: 1280 -->
	<!-- Heartbeat, tids = 12124,20936,7424,23200,13608,18280,21320,24268,2792,4412,24388,22760,12876,4024,22648,24028, syscallStatus = 0,1,1,1,1,1,1,1,1,1,1,1,1,1,0,1, calls = 578383,0,0,0,0,0,0,0,31994,0,0,0,1835,1843,17108,1857 -->
	<msg id='132' display='false' source='mc'>
		<type>HEARTBEAT</type>
		<severity>INFO</severity>
		<timestamp>Mon Dec 30 21:36:50 2019</timestamp>
		<arg name='tids'>12124,20936,7424,23200,13608,18280,21320,24268,2792,4412,24388,22760,12876,4024,22648,24028</arg>
		<arg name='syscalls'>0,1,1,1,1,1,1,1,1,1,1,1,1,1,0,1</arg>
		<arg name='calls'>578383,0,0,0,0,0,0,0,31994,0,0,0,1835,1843,17108,1857</arg>
	</msg>
	<!-- DIAG: 1281 -->
	<!-- DIAG: 1282 -->
	<!-- DIAG: 1283 -->
	<!-- DIAG: 1284 -->
	<!-- DIAG: 1285 -->
	<!-- DIAG: 1286 -->
	<!-- DIAG: 1287 -->
	<!-- DIAG: 1288 -->
	<!-- DIAG: 1289 -->
	<!-- Heartbeat, tids = 12124,20936,7424,23200,13608,18280,21320,24268,2792,4412,24388,22760,12876,4024,22648,24028, syscallStatus = 0,1,1,1,1,1,1,1,1,1,1,1,1,1,1,1, calls = 1319704,0,0,0,0,0,0,0,0,0,0,0,0,0,13468,0 -->
	<msg id='133' display='false' source='mc'>
		<type>HEARTBEAT</type>
		<severity>INFO</severity>
		<timestamp>Mon Dec 30 21:36:51 2019</timestamp>
		<arg name='tids'>12124,20936,7424,23200,13608,18280,21320,24268,2792,4412,24388,22760,12876,4024,22648,24028</arg>
		<arg name='syscalls'>0,1,1,1,1,1,1,1,1,1,1,1,1,1,1,1</arg>
		<arg name='calls'>1319704,0,0,0,0,0,0,0,0,0,0,0,0,0,13468,0</arg>
	</msg>
	<!-- DIAG: 1290 -->
	<!-- DIAG: 1291 -->
	<!-- DIAG: 1292 -->
	<!-- DIAG: 1293 -->
	<!-- DIAG: 1294 -->
	<!-- DIAG: 1295 -->
	<!-- DIAG: 1296 -->
	<!-- DIAG: 1297 -->
	<!-- DIAG: 1298 -->
	<!-- DIAG: 1299 -->
	<!-- DIAG: 1300 -->
	<!-- DIAG: 1301 -->
	<!-- DIAG: 1302 -->
	<!-- DIAG: 1303 -->
	<!-- Heartbeat, tids = 12124,20936,7424,23200,13608,18280,21320,24268,2792,4412,24388,22760,12876,4024,22648,24028, syscallStatus = 0,1,1,1,1,1,1,1,1,1,1,1,1,1,1,1, calls = 1273184,0,0,0,0,0,0,0,25437,0,0,0,0,0,0,0 -->
	<msg id='134' display='false' source='mc'>
		<type>HEARTBEAT</type>
		<severity>INFO</severity>
		<timestamp>Mon Dec 30 21:36:52 2019</timestamp>
		<arg name='tids'>12124,20936,7424,23200,13608,18280,21320,24268,2792,4412,24388,22760,12876,4024,22648,24028</arg>
		<arg name='syscalls'>0,1,1,1,1,1,1,1,1,1,1,1,1,1,1,1</arg>
		<arg name='calls'>1273184,0,0,0,0,0,0,0,25437,0,0,0,0,0,0,0</arg>
	</msg>
	<!-- Heartbeat, tids = 12124,20936,7424,23200,13608,18280,21320,24268,2792,4412,24388,22760,12876,4024,22648,24028, syscallStatus = 0,1,1,1,1,1,1,1,1,1,1,1,1,1,1,1, calls = 1559132,0,0,0,0,0,0,0,24892,0,0,0,0,0,0,0 -->
	<msg id='135' display='false' source='mc'>
		<type>HEARTBEAT</type>
		<severity>INFO</severity>
		<timestamp>Mon Dec 30 21:36:53 2019</timestamp>
		<arg name='tids'>12124,20936,7424,23200,13608,18280,21320,24268,2792,4412,24388,22760,12876,4024,22648,24028</arg>
		<arg name='syscalls'>0,1,1,1,1,1,1,1,1,1,1,1,1,1,1,1</arg>
		<arg name='calls'>1559132,0,0,0,0,0,0,0,24892,0,0,0,0,0,0,0</arg>
	</msg>
	<!-- Heartbeat, tids = 12124,20936,7424,23200,13608,18280,21320,24268,2792,4412,24388,22760,12876,4024,22648,24028, syscallStatus = 0,1,1,1,1,1,1,1,1,1,1,1,1,1,1,1, calls = 1516593,0,0,0,0,0,0,0,0,0,0,0,0,0,0,0 -->
	<msg id='136' display='false' source='mc'>
		<type>HEARTBEAT</type>
		<severity>INFO</severity>
		<timestamp>Mon Dec 30 21:36:54 2019</timestamp>
		<arg name='tids'>12124,20936,7424,23200,13608,18280,21320,24268,2792,4412,24388,22760,12876,4024,22648,24028</arg>
		<arg name='syscalls'>0,1,1,1,1,1,1,1,1,1,1,1,1,1,1,1</arg>
		<arg name='calls'>1516593,0,0,0,0,0,0,0,0,0,0,0,0,0,0,0</arg>
	</msg>
	<!-- Heartbeat, tids = 12124,20936,7424,23200,13608,18280,21320,24268,2792,4412,24388,22760,12876,4024,22648,24028, syscallStatus = 0,1,1,1,1,1,1,1,1,1,1,1,1,1,1,1, calls = 1519088,0,0,0,0,0,0,0,30996,0,0,0,0,0,0,0 -->
	<msg id='137' display='false' source='mc'>
		<type>HEARTBEAT</type>
		<severity>INFO</severity>
		<timestamp>Mon Dec 30 21:36:55 2019</timestamp>
		<arg name='tids'>12124,20936,7424,23200,13608,18280,21320,24268,2792,4412,24388,22760,12876,4024,22648,24028</arg>
		<arg name='syscalls'>0,1,1,1,1,1,1,1,1,1,1,1,1,1,1,1</arg>
		<arg name='calls'>1519088,0,0,0,0,0,0,0,30996,0,0,0,0,0,0,0</arg>
	</msg>
	<!-- DIAG: 1304 -->
	<!-- DIAG: 1305 -->
	<!-- DIAG: 1306 -->
	<!-- Heartbeat, tids = 12124,20936,7424,23200,13608,18280,21320,24268,2792,4412,24388,22760,12876,4024,22648,24028, syscallStatus = 0,1,1,1,1,1,1,1,1,1,1,1,1,1,1,1, calls = 1446082,0,0,0,0,0,0,0,30980,0,0,0,0,0,0,0 -->
	<msg id='138' display='false' source='mc'>
		<type>HEARTBEAT</type>
		<severity>INFO</severity>
		<timestamp>Mon Dec 30 21:36:56 2019</timestamp>
		<arg name='tids'>12124,20936,7424,23200,13608,18280,21320,24268,2792,4412,24388,22760,12876,4024,22648,24028</arg>
		<arg name='syscalls'>0,1,1,1,1,1,1,1,1,1,1,1,1,1,1,1</arg>
		<arg name='calls'>1446082,0,0,0,0,0,0,0,30980,0,0,0,0,0,0,0</arg>
	</msg>
	<!-- DIAG: 1307 -->
	<!-- Heartbeat, tids = 12124,20936,7424,23200,13608,18280,21320,24268,2792,4412,24388,22760,12876,4024,22648,24028, syscallStatus = 0,1,1,1,1,1,1,1,1,1,1,1,1,1,1,1, calls = 1238661,0,0,0,0,0,0,0,24698,0,0,0,0,0,0,0 -->
	<msg id='139' display='false' source='mc'>
		<type>HEARTBEAT</type>
		<severity>INFO</severity>
		<timestamp>Mon Dec 30 21:36:57 2019</timestamp>
		<arg name='tids'>12124,20936,7424,23200,13608,18280,21320,24268,2792,4412,24388,22760,12876,4024,22648,24028</arg>
		<arg name='syscalls'>0,1,1,1,1,1,1,1,1,1,1,1,1,1,1,1</arg>
		<arg name='calls'>1238661,0,0,0,0,0,0,0,24698,0,0,0,0,0,0,0</arg>
	</msg>
	<!-- Heartbeat, tids = 12124,20936,7424,23200,13608,18280,21320,24268,2792,4412,24388,22760,12876,4024,22648,24028, syscallStatus = 0,1,1,1,1,1,1,1,1,1,1,1,1,1,1,1, calls = 1497361,0,0,0,0,0,0,0,0,0,0,0,0,0,0,0 -->
	<msg id='140' display='false' source='mc'>
		<type>HEARTBEAT</type>
		<severity>INFO</severity>
		<timestamp>Mon Dec 30 21:36:58 2019</timestamp>
		<arg name='tids'>12124,20936,7424,23200,13608,18280,21320,24268,2792,4412,24388,22760,12876,4024,22648,24028</arg>
		<arg name='syscalls'>0,1,1,1,1,1,1,1,1,1,1,1,1,1,1,1</arg>
		<arg name='calls'>1497361,0,0,0,0,0,0,0,0,0,0,0,0,0,0,0</arg>
	</msg>