<?xml version="1.0" encoding="UTF-8"?>
<feedback>
 <message severity="info">Analysis started...</message>
 <nop/>
 <message severity="info">Result file: C:\Users\Admin\source\repos\machine_learning_c\machine_learning_c\My Inspector Results - machine_learning_c\r005mi3\r005mi3.inspxe </message>
 <nop/>
 <message severity="info">Analysis started for c:\users\admin\source\repos\machine_learning_c\debug\machine_learning_c.exe (pid = 3088) </message>
 <nop/>
 <message severity="info">Loaded module: c:\users\admin\source\repos\machine_learning_c\debug\machine_learning_c.exe, address range [0x7a0000-0x7b1fff] </message>
 <nop/>
 <message severity="info">Loaded module: c:\program files\avg\antivirus\aswhookx.dll, address range [0x67c40000-0x67c50fff] </message>
 <nop/>
 <message severity="info">Loaded module: c:\windows\syswow64\kernel32.dll, address range [0x75c80000-0x75d5ffff] </message>
 <nop/>
 <message severity="info">Loaded module: c:\windows\syswow64\kernelbase.dll, address range [0x762d0000-0x764cbfff] </message>
 <nop/>
 <message severity="info">Loaded module: c:\windows\syswow64\ntdll.dll, address range [0x77370000-0x77509fff] </message>
 <nop/>
 <message severity="info">Loaded module: c:\users\admin\source\repos\machine_learning_c\machine_learning_c\sdl2.dll, address range [0x7a020000-0x7a143fff] </message>
 <nop/>
 <message severity="info">Loaded module: c:\windows\syswow64\advapi32.dll, address range [0x768a0000-0x76918fff] </message>
 <nop/>
 <message severity="info">Loaded module: c:\windows\syswow64\msvcrt.dll, address range [0x76590000-0x7664efff] </message>
 <nop/>
 <message severity="info">Loaded module: c:\windows\syswow64\sechost.dll, address range [0x75de0000-0x75e55fff] </message>
 <nop/>
 <message severity="info">Loaded module: c:\windows\syswow64\rpcrt4.dll, address range [0x77220000-0x772dafff] </message>
 <nop/>
 <message severity="info">Loaded module: c:\windows\syswow64\sspicli.dll, address range [0x74b40000-0x74b5ffff], minimal analysis </message>
 <nop/>
 <message severity="info">Loaded module: c:\windows\syswow64\cryptbase.dll, address range [0x74b30000-0x74b39fff] </message>
 <nop/>
 <message severity="info">Loaded module: c:\windows\syswow64\bcryptprimitives.dll, address range [0x767c0000-0x7681efff], minimal analysis </message>
 <nop/>
 <message severity="info">Loaded module: c:\windows\syswow64\gdi32.dll, address range [0x77330000-0x77350fff] </message>
 <nop/>
 <message severity="info">Loaded module: c:\windows\syswow64\win32u.dll, address range [0x77310000-0x77326fff] </message>
 <nop/>
 <message severity="info">Loaded module: c:\windows\syswow64\gdi32full.dll, address range [0x760e0000-0x76239fff], minimal analysis </message>
 <nop/>
 <message severity="info">Loaded module: c:\windows\syswow64\msvcp_win.dll, address range [0x74c80000-0x74cfbfff] </message>
 <nop/>
 <message severity="info">Loaded module: c:\windows\syswow64\ucrtbase.dll, address range [0x74b60000-0x74c7efff] </message>
 <nop/>
 <message severity="info">Loaded module: c:\windows\syswow64\user32.dll, address range [0x75670000-0x75806fff], minimal analysis </message>
 <nop/>
 <message severity="info">Loaded module: c:\windows\syswow64\imm32.dll, address range [0x76870000-0x76894fff], minimal analysis </message>
 <nop/>
 <message severity="info">Loaded module: c:\windows\syswow64\ole32.dll, address range [0x74f80000-0x75076fff] </message>
 <nop/>
 <message severity="info">Loaded module: c:\windows\syswow64\combase.dll, address range [0x74d00000-0x74f75fff], minimal analysis </message>
 <nop/>
 <message severity="info">Loaded module: c:\windows\syswow64\oleaut32.dll, address range [0x764e0000-0x76571fff], minimal analysis </message>
 <nop/>
 <message severity="info">Loaded module: c:\windows\syswow64\setupapi.dll, address range [0x75810000-0x75c58fff] </message>
 <nop/>
 <message severity="info">Loaded module: c:\windows\syswow64\cfgmgr32.dll, address range [0x75f90000-0x75fcafff] </message>
 <nop/>
 <message severity="info">Loaded module: c:\windows\syswow64\bcrypt.dll, address range [0x75c60000-0x75c78fff] </message>
 <nop/>
 <message severity="info">Loaded module: c:\windows\syswow64\shell32.dll, address range [0x750e0000-0x75659fff] </message>
 <nop/>
 <message severity="info">Loaded module: c:\windows\syswow64\shcore.dll, address range [0x76240000-0x762c3fff], minimal analysis </message>
 <nop/>
 <message severity="info">Loaded module: c:\windows\syswow64\windows.storage.dll, address range [0x769f0000-0x76fb4fff] </message>
 <nop/>
 <message severity="info">Loaded module: c:\windows\syswow64\profapi.dll, address range [0x75e60000-0x75e76fff] </message>
 <nop/>
 <message severity="info">Loaded module: c:\windows\syswow64\powrprof.dll, address range [0x770c0000-0x77102fff] </message>
 <nop/>
 <message severity="info">Loaded module: c:\windows\syswow64\umpdc.dll, address range [0x76580000-0x7658cfff] </message>
 <nop/>
 <message severity="info">Loaded module: c:\windows\syswow64\shlwapi.dll, address range [0x76fc0000-0x77003fff] </message>
 <nop/>
 <message severity="info">Loaded module: c:\windows\syswow64\kernel.appcore.dll, address range [0x77300000-0x7730efff] </message>
 <nop/>
 <message severity="info">Loaded module: c:\windows\syswow64\cryptsp.dll, address range [0x772e0000-0x772f2fff] </message>
 <nop/>
 <message severity="info">Loaded module: c:\windows\syswow64\vcruntime140d.dll, address range [0x7a150000-0x7a169fff] </message>
 <nop/>
 <message severity="info">Loaded module: c:\windows\syswow64\ucrtbased.dll, address range [0xb8a0000-0xba10fff] </message>
 <nop/>
 <message severity="info">Loaded module: c:\windows\syswow64\version.dll, address range [0x74380000-0x74387fff] </message>
 <nop/>
 <message severity="info">Loaded module: c:\windows\syswow64\winmm.dll, address range [0x71870000-0x71893fff] </message>
 <nop/>
 <message severity="info">Loaded module: c:\windows\syswow64\winmmbase.dll, address range [0x70c80000-0x70ca2fff] </message>
 <nop/>
 <message severity="info">Loaded module: c:\windows\syswow64\uxtheme.dll, address range [0x71c90000-0x71d09fff], minimal analysis </message>
 <nop/>
 <message severity="info">Loaded module: c:\windows\syswow64\opengl32.dll, address range [0x79f10000-0x7a00efff] </message>
 <nop/>
 <message severity="info">Loaded module: c:\windows\syswow64\glu32.dll, address range [0xe640000-0xe67efff] </message>
 <nop/>
 <message severity="info">Loaded module: c:\windows\syswow64\dxcore.dll, address range [0x6b0d0000-0x6b0e8fff] </message>
 <nop/>
 <message severity="info">Loaded module: c:\windows\syswow64\msctf.dll, address range [0x75fd0000-0x760d2fff], minimal analysis </message>
 <nop/>
 <message severity="info">Loaded module: c:\windows\system32\driverstore\filerepository\nv_dispi.inf_amd64_db678424d2641c3d\nvoglv32.dll, address range [0xe720000-0x1045efff] </message>
 <nop/>
 <message severity="info">Loaded module: c:\windows\syswow64\wtsapi32.dll, address range [0x73510000-0x7351efff] </message>
 <nop/>
 <message severity="info">Loaded module: c:\windows\syswow64\devobj.dll, address range [0x6d260000-0x6d282fff] </message>
 <nop/>
 <message severity="info">Loaded module: c:\windows\syswow64\wintrust.dll, address range [0x76820000-0x76865fff] </message>
 <nop/>
 <message severity="info">Loaded module: c:\windows\syswow64\msasn1.dll, address range [0x764d0000-0x764ddfff] </message>
 <nop/>
 <message severity="info">Loaded module: c:\windows\syswow64\crypt32.dll, address range [0x75e80000-0x75f7afff] </message>
 <nop/>
 <message severity="info">Loaded module: c:\windows\syswow64\ntmarta.dll, address range [0x70cb0000-0x70cd8fff] </message>
 <nop/>
 <message severity="info">Loaded module: c:\windows\syswow64\dwmapi.dll, address range [0x71820000-0x71844fff] </message>
 <nop/>
 <message severity="info">Loaded module: c:\windows\syswow64\nvspcap.dll, address range [0x12380000-0x125a9fff] </message>
 <nop/>
 <message severity="info">Loaded module: c:\windows\syswow64\winsta.dll, address range [0x729c0000-0x72a08fff] </message>
 <nop/>
 <message severity="info">Loaded module: c:\windows\syswow64\clbcatq.dll, address range [0x75d60000-0x75ddffff], minimal analysis </message>
 <nop/>
 <message severity="info">Loaded module: c:\windows\syswow64\d3d9.dll, address range [0x607d0000-0x6095dfff] </message>
 <nop/>
 <message severity="info">Loaded module: c:\windows\system32\driverstore\filerepository\nv_dispi.inf_amd64_db678424d2641c3d\nvldumd.dll, address range [0x5f030000-0x5f0f6fff] </message>
 <nop/>
 <message severity="info">Loaded module: c:\windows\syswow64\imagehlp.dll, address range [0x77110000-0x7712afff] </message>
 <nop/>
 <message severity="info">Loaded module: c:\windows\syswow64\rsaenh.dll, address range [0x73a50000-0x73a7efff] </message>
 <nop/>
 <message severity="info">Loaded module: c:\windows\system32\driverstore\filerepository\nv_dispi.inf_amd64_db678424d2641c3d\nvd3dum.dll, address range [0x19980000-0x1aab6fff] </message>
 <nop/>
 <message severity="info">Loaded module: c:\windows\syswow64\resourcepolicyclient.dll, address range [0x14a00000-0x14a0efff] </message>
 <nop/>
 <message severity="info">Unloaded module: C:\Windows\SysWOW64\ResourcePolicyClient.dll </message>
 <nop/>
 <message severity="info">Loaded module: c:\windows\syswow64\gpapi.dll, address range [0x6ce60000-0x6ce7dfff] </message>
 <nop/>
 <message severity="info">Loaded module: c:\windows\syswow64\cryptnet.dll, address range [0x6ce30000-0x6ce55fff] </message>
 <nop/>
 <message severity="info">Loaded module: c:\program files\nvidia corporation\ansel\tools\nvcamerawhitelisting32.dll, address range [0x7a170000-0x7a1eafff] </message>
 <nop/>
 <message severity="info">Unloaded module: C:\Program Files\NVIDIA Corporation\Ansel\Tools\NvCameraWhitelisting32.dll </message>
 <nop/>
 <message severity="info">Loaded module: c:\windows\syswow64\textinputframework.dll, address range [0x60d60000-0x60de3fff], minimal analysis </message>
 <nop/>
 <message severity="info">Loaded module: c:\windows\syswow64\coreuicomponents.dll, address range [0x69da0000-0x69ffdfff], minimal analysis </message>
 <nop/>
 <message severity="info">Loaded module: c:\windows\syswow64\coremessaging.dll, address range [0x6a920000-0x6a9a8fff], minimal analysis </message>
 <nop/>
 <message severity="info">Loaded module: c:\windows\syswow64\wintypes.dll, address range [0x6a000000-0x6a0d9fff] </message>
 <nop/>
 <message severity="info">Loaded module: c:\windows\syswow64\iertutil.dll, address range [0x70500000-0x70728fff] </message>
 <nop/>
 <message severity="info">Application exit code: 1 </message>
 <nop/>
 <message severity="info">Result file: C:\Users\Admin\source\repos\machine_learning_c\machine_learning_c\My Inspector Results - machine_learning_c\r005mi3\r005mi3.inspxe </message>
 <nop/>
 <message severity="info">Analysis canceled by user</message>
 <nop/>
</feedback>
